"../../../Escort/Content/StarterContent/Audio/Fire01.uasset" 0
"../../../Escort/Content/StarterContent/Audio/Fire01_Cue.uasset" 1
"../../../Escort/Content/StarterContent/Textures/T_Fire_SubUV.uasset" 2
"../../../Escort/Content/StarterContent/Textures/T_Fire_Tiled_D.uasset" 3
"../../../Escort/Content/StarterContent/Particles/Materials/M_Fire_SubUV.uasset" 4
"../../../Escort/Content/StarterContent/Textures/T_Water_N.uasset" 5
"../../../Escort/Content/StarterContent/Particles/Materials/M_Heat_Distortion.uasset" 6
"../../../Engine/Content/Functions/Engine_MaterialFunctions01/Gradient/RadialGradient.uasset" 7
"../../../Escort/Content/StarterContent/Particles/Materials/M_Radial_Gradient.uasset" 8
"../../../Escort/Content/StarterContent/Textures/T_Smoke_SubUV.uasset" 9
"../../../Escort/Content/StarterContent/Textures/T_Smoke_Tiled_D.uasset" 10
"../../../Escort/Content/StarterContent/Particles/Materials/M_smoke_subUV.uasset" 11
"../../../Escort/Content/StarterContent/Particles/P_Fire.uasset" 12
"../../../Escort/Content/StarterContent/Blueprints/Blueprint_Effect_Fire.uasset" 13
"../../../Escort/Content/StarterContent/Audio/Smoke01.uasset" 14
"../../../Escort/Content/StarterContent/Audio/Smoke01_Cue.uasset" 15
"../../../Escort/Content/StarterContent/Particles/P_Smoke.uasset" 16
"../../../Escort/Content/StarterContent/Blueprints/Blueprint_Effect_Smoke.uasset" 17
"../../../Escort/Content/StarterContent/Audio/Fire_Sparks01.uasset" 18
"../../../Escort/Content/StarterContent/Audio/Fire_Sparks01_Cue.uasset" 19
"../../../Escort/Content/StarterContent/Textures/T_Spark_Core.uasset" 20
"../../../Escort/Content/StarterContent/Particles/Materials/M_Spark.uasset" 21
"../../../Escort/Content/StarterContent/Particles/P_Sparks.uasset" 22
"../../../Escort/Content/StarterContent/Blueprints/Blueprint_Effect_Sparks.uasset" 23
"../../../Escort/Content/StarterContent/Audio/Steam01.uasset" 24
"../../../Escort/Content/StarterContent/Audio/Steam01_Cue.uasset" 25
"../../../Escort/Content/StarterContent/Particles/P_Steam_Lit.uasset" 26
"../../../Escort/Content/StarterContent/Blueprints/Blueprint_Effect_Steam.uasset" 27
"../../../Engine/Content/EditorBlueprintResources/StandardMacros.uasset" 28
"../../../Engine/Content/EngineSky/C_Sky_Cloud_Color.uasset" 29
"../../../Engine/Content/EngineSky/C_Sky_Horizon_Color.uasset" 30
"../../../Engine/Content/EngineSky/C_Sky_Zenith_Color.uasset" 31
"../../../Engine/Content/EngineSky/T_Sky_Blue.uasset" 32
"../../../Engine/Content/EngineSky/T_Sky_Clouds_M.uasset" 33
"../../../Engine/Content/EngineSky/T_Sky_Stars.uasset" 34
"../../../Engine/Content/EngineSky/SM_SkySphere.uasset" 35
"../../../Engine/Content/EngineSky/M_Sky_Panning_Clouds2.uasset" 36
"../../../Engine/Content/EngineSky/BP_Sky_Sphere.uasset" 37
"../../../Escort/Content/StarterContent/Textures/T_Lamp_M.uasset" 38
"../../../Escort/Content/StarterContent/Textures/T_Lamp_N.uasset" 39
"../../../Escort/Content/StarterContent/Props/Materials/M_Lamp.uasset" 40
"../../../Escort/Content/StarterContent/Props/SM_Lamp_Ceiling.uasset" 41
"../../../Escort/Content/StarterContent/Blueprints/Blueprint_CeilingLight.uasset" 42
"../../../Escort/Content/StarterContent/Props/SM_Lamp_Wall.uasset" 43
"../../../Escort/Content/StarterContent/Blueprints/Blueprint_WallSconce.uasset" 44
"../../../Engine/Content/EngineFonts/RobotoDistanceField.uasset" 45
"../../../Engine/Content/Functions/Engine_MaterialFunctions03/Procedurals/ComputeFilterWidth.uasset" 46
"../../../Engine/Content/EngineMaterials/AntiAliasedTextMaterialTranslucent.uasset" 47
"../../../Engine/Content/Functions/Engine_MaterialFunctions01/Opacity/CameraDepthFade.uasset" 48
"../../../Engine/Content/EngineMaterials/T_Default_Material_Grid_M.uasset" 49
"../../../Engine/Content/EngineMaterials/T_Default_Material_Grid_N.uasset" 50
"../../../Engine/Content/EngineMaterials/WorldGridMaterial.uasset" 51
"../../../Escort/Content/StarterContent/Textures/T_Brick_Clay_Beveled_D.uasset" 52
"../../../Escort/Content/StarterContent/Textures/T_Brick_Clay_Beveled_M.uasset" 53
"../../../Escort/Content/StarterContent/Textures/T_Brick_Clay_Beveled_N.uasset" 54
"../../../Escort/Content/StarterContent/Textures/T_MacroVariation.uasset" 55
"../../../Escort/Content/StarterContent/Materials/M_Brick_Clay_Beveled.uasset" 56
"../../../Escort/Content/StarterContent/Textures/T_Brick_Clay_New_D.uasset" 57
"../../../Escort/Content/StarterContent/Textures/T_Brick_Clay_New_M.uasset" 58
"../../../Escort/Content/StarterContent/Textures/T_Brick_Clay_New_N.uasset" 59
"../../../Escort/Content/StarterContent/Textures/T_Detail_Rocky_N.uasset" 60
"../../../Escort/Content/StarterContent/Materials/M_Brick_Clay_New.uasset" 61
"../../../Escort/Content/StarterContent/Textures/T_Brick_Clay_Old_D.uasset" 62
"../../../Escort/Content/StarterContent/Textures/T_Brick_Clay_Old_N.uasset" 63
"../../../Escort/Content/StarterContent/Textures/T_Perlin_Noise_M.uasset" 64
"../../../Escort/Content/StarterContent/Materials/M_Brick_Clay_Old.uasset" 65
"../../../Escort/Content/StarterContent/Textures/T_Brick_Cut_Stone_D.uasset" 66
"../../../Escort/Content/StarterContent/Textures/T_Brick_Cut_Stone_N.uasset" 67
"../../../Escort/Content/StarterContent/Materials/M_Brick_Cut_Stone.uasset" 68
"../../../Escort/Content/StarterContent/Textures/T_Brick_Hewn_Stone_D.uasset" 69
"../../../Escort/Content/StarterContent/Textures/T_Brick_Hewn_Stone_M.uasset" 70
"../../../Escort/Content/StarterContent/Textures/T_Brick_Hewn_Stone_N.uasset" 71
"../../../Escort/Content/StarterContent/Materials/M_Brick_Hewn_Stone.uasset" 72
"../../../Escort/Content/StarterContent/Textures/T_Ceramic_Tile_M.uasset" 73
"../../../Escort/Content/StarterContent/Textures/T_Ceramic_Tile_N.uasset" 74
"../../../Escort/Content/StarterContent/Textures/T_Rock_Marble_Polished_D.uasset" 75
"../../../Escort/Content/StarterContent/Materials/M_Ceramic_Tile_Checker.uasset" 76
"../../../Escort/Content/StarterContent/Textures/T_CobbleStone_Pebble_D.uasset" 77
"../../../Escort/Content/StarterContent/Textures/T_CobbleStone_Pebble_M.uasset" 78
"../../../Escort/Content/StarterContent/Textures/T_CobbleStone_Pebble_N.uasset" 79
"../../../Escort/Content/StarterContent/Materials/M_CobbleStone_Pebble.uasset" 80
"../../../Escort/Content/StarterContent/Textures/T_CobbleStone_Rough_D.uasset" 81
"../../../Escort/Content/StarterContent/Textures/T_CobbleStone_Rough_N.uasset" 82
"../../../Escort/Content/StarterContent/Textures/T_Gradinet_01.uasset" 83
"../../../Escort/Content/StarterContent/Textures/T_Rock_Smooth_Granite_D.uasset" 84
"../../../Escort/Content/StarterContent/Materials/M_CobbleStone_Rough.uasset" 85
"../../../Escort/Content/StarterContent/Textures/T_CobbleStone_Smooth_D.uasset" 86
"../../../Escort/Content/StarterContent/Textures/T_CobbleStone_Smooth_M.uasset" 87
"../../../Escort/Content/StarterContent/Textures/T_CobbleStone_Smooth_N.uasset" 88
"../../../Escort/Content/StarterContent/Materials/M_CobbleStone_Smooth.uasset" 89
"../../../Escort/Content/StarterContent/Textures/T_Concrete_Grime_D.uasset" 90
"../../../Escort/Content/StarterContent/Textures/T_Metal_Rust_N.uasset" 91
"../../../Escort/Content/StarterContent/Materials/M_Concrete_Grime.uasset" 92
"../../../Escort/Content/StarterContent/Textures/T_Concrete_Panels_D.uasset" 93
"../../../Escort/Content/StarterContent/Textures/T_Concrete_Panels_N.uasset" 94
"../../../Escort/Content/StarterContent/Materials/M_Concrete_Panels.uasset" 95
"../../../Escort/Content/StarterContent/Textures/T_Concrete_Poured_D.uasset" 96
"../../../Escort/Content/StarterContent/Textures/T_Concrete_Poured_N.uasset" 97
"../../../Escort/Content/StarterContent/Materials/M_Concrete_Poured.uasset" 98
"../../../Escort/Content/StarterContent/Textures/T_Concrete_Tiles_D.uasset" 99
"../../../Escort/Content/StarterContent/Textures/T_Concrete_Tiles_M.uasset" 100
"../../../Escort/Content/StarterContent/Textures/T_Concrete_Tiles_N.uasset" 101
"../../../Escort/Content/StarterContent/Textures/T_Concrete_Tiles_Variation_M.uasset" 102
"../../../Escort/Content/StarterContent/Materials/M_Concrete_Tiles.uasset" 103
"../../../Escort/Content/StarterContent/Textures/T_Ground_Grass_D.uasset" 104
"../../../Escort/Content/StarterContent/Textures/T_Ground_Grass_N.uasset" 105
"../../../Escort/Content/StarterContent/Materials/M_Ground_Grass.uasset" 106
"../../../Escort/Content/StarterContent/Textures/T_Ground_Gravel_D.uasset" 107
"../../../Escort/Content/StarterContent/Textures/T_Ground_Gravel_N.uasset" 108
"../../../Escort/Content/StarterContent/Materials/M_Ground_Gravel.uasset" 109
"../../../Escort/Content/StarterContent/Textures/T_ground_Moss_D.uasset" 110
"../../../Escort/Content/StarterContent/Textures/T_Ground_Moss_N.uasset" 111
"../../../Escort/Content/StarterContent/Materials/M_Ground_Moss.uasset" 112
"../../../Escort/Content/StarterContent/Materials/M_Metal_Brushed_Nickel.uasset" 113
"../../../Escort/Content/StarterContent/Textures/T_Metal_Aluminum_D.uasset" 114
"../../../Escort/Content/StarterContent/Textures/T_Metal_Gold_N.uasset" 115
"../../../Escort/Content/StarterContent/Materials/M_Metal_Burnished_Steel.uasset" 116
"../../../Escort/Content/StarterContent/Materials/M_Metal_Chrome.uasset" 117
"../../../Escort/Content/StarterContent/Textures/T_Metal_Copper_D.uasset" 118
"../../../Escort/Content/StarterContent/Materials/M_Metal_Copper.uasset" 119
"../../../Escort/Content/StarterContent/Textures/T_Metal_Gold_D.uasset" 120
"../../../Escort/Content/StarterContent/Materials/M_Metal_Gold.uasset" 121
"../../../Engine/Content/Functions/Engine_MaterialFunctions02/Utility/BlendAngleCorrectedNormals.uasset" 122
"../../../Escort/Content/StarterContent/Textures/T_Metal_Rust_D.uasset" 123
"../../../Escort/Content/StarterContent/Materials/M_Metal_Rust.uasset" 124
"../../../Escort/Content/StarterContent/Textures/T_Metal_Steel_D.uasset" 125
"../../../Escort/Content/StarterContent/Textures/T_Metal_Steel_N.uasset" 126
"../../../Escort/Content/StarterContent/Materials/M_Metal_Steel.uasset" 127
"../../../Escort/Content/StarterContent/Textures/T_Rock_Basalt_D.uasset" 128
"../../../Escort/Content/StarterContent/Textures/T_Rock_Basalt_N.uasset" 129
"../../../Escort/Content/StarterContent/Materials/M_Rock_Basalt.uasset" 130
"../../../Escort/Content/StarterContent/Materials/M_Rock_Marble_Polished.uasset" 131
"../../../Escort/Content/StarterContent/Textures/T_Rock_Sandstone_D.uasset" 132
"../../../Escort/Content/StarterContent/Textures/T_Rock_Sandstone_N.uasset" 133
"../../../Escort/Content/StarterContent/Materials/M_Rock_Sandstone.uasset" 134
"../../../Escort/Content/StarterContent/Textures/T_Rock_Slate_D.uasset" 135
"../../../Escort/Content/StarterContent/Textures/T_Rock_Slate_N.uasset" 136
"../../../Escort/Content/StarterContent/Materials/M_Rock_Slate.uasset" 137
"../../../Escort/Content/StarterContent/Textures/T_Checker_Noise_M.uasset" 138
"../../../Escort/Content/StarterContent/Textures/T_Single_Tile_N.uasset" 139
"../../../Escort/Content/StarterContent/Textures/T_Tech_Dot_M.uasset" 140
"../../../Escort/Content/StarterContent/Textures/T_Tech_Dot_N.uasset" 141
"../../../Escort/Content/StarterContent/Materials/M_Tech_Checker_Dot.uasset" 142
"../../../Escort/Content/StarterContent/Textures/T_Tech_Hex_Tile_M.uasset" 143
"../../../Escort/Content/StarterContent/Textures/T_Tech_Hex_Tile_N.uasset" 144
"../../../Escort/Content/StarterContent/Materials/M_Tech_Hex_Tile.uasset" 145
"../../../Escort/Content/StarterContent/Materials/M_Tech_Hex_Tile_Pulse.uasset" 146
"../../../Escort/Content/StarterContent/Textures/T_Tech_Panel_M.uasset" 147
"../../../Escort/Content/StarterContent/Textures/T_Tech_Panel_N.uasset" 148
"../../../Escort/Content/StarterContent/Materials/M_Tech_Panel.uasset" 149
"../../../Escort/Content/StarterContent/Materials/M_Water_Lake.uasset" 150
"../../../Escort/Content/StarterContent/Textures/T_Water_M.uasset" 151
"../../../Escort/Content/StarterContent/Materials/M_Water_Ocean.uasset" 152
"../../../Escort/Content/StarterContent/Textures/T_Wood_Floor_Walnut_D.uasset" 153
"../../../Escort/Content/StarterContent/Textures/T_Wood_Floor_Walnut_M.uasset" 154
"../../../Escort/Content/StarterContent/Textures/T_Wood_Floor_Walnut_N.uasset" 155
"../../../Escort/Content/StarterContent/Materials/M_Wood_Floor_Walnut_Polished.uasset" 156
"../../../Engine/Content/Functions/Engine_MaterialFunctions01/Opacity/AlphaOffset.uasset" 157
"../../../Escort/Content/StarterContent/Materials/M_Wood_Floor_Walnut_Worn.uasset" 158
"../../../Escort/Content/StarterContent/Textures/T_Wood_Oak_D.uasset" 159
"../../../Escort/Content/StarterContent/Textures/T_Wood_Oak_N.uasset" 160
"../../../Escort/Content/StarterContent/Materials/M_Wood_Oak.uasset" 161
"../../../Escort/Content/StarterContent/Textures/T_Wood_Pine_D.uasset" 162
"../../../Escort/Content/StarterContent/Textures/T_Wood_Pine_N.uasset" 163
"../../../Escort/Content/StarterContent/Materials/M_Wood_Pine.uasset" 164
"../../../Escort/Content/StarterContent/Textures/T_Wood_Walnut_D.uasset" 165
"../../../Escort/Content/StarterContent/Textures/T_Wood_Walnut_N.uasset" 166
"../../../Escort/Content/StarterContent/Materials/M_Wood_Walnut.uasset" 167
"../../../Escort/Content/StarterContent/Textures/T_Chair_M.uasset" 168
"../../../Escort/Content/StarterContent/Textures/T_Chair_N.uasset" 169
"../../../Escort/Content/StarterContent/Props/Materials/M_Chair.uasset" 170
"../../../Escort/Content/StarterContent/Materials/M_Basic_Floor.uasset" 171
"../../../Escort/Content/StarterContent/Architecture/Floor_400x400.uasset" 172
"../../../Escort/Content/StarterContent/Materials/M_Basic_Wall.uasset" 173
"../../../Escort/Content/StarterContent/Architecture/Wall_400x200.uasset" 174
"../../../Escort/Content/StarterContent/Architecture/Wall_Door_400x300.uasset" 175
"../../../Escort/Content/StarterContent/Architecture/Wall_Window_400x300.uasset" 176
"../../../Escort/Content/StarterContent/Audio/Collapse01.uasset" 177
"../../../Escort/Content/StarterContent/Audio/Collapse02.uasset" 178
"../../../Escort/Content/StarterContent/Audio/Collapse_Cue.uasset" 179
"../../../Escort/Content/StarterContent/Audio/Starter_Birds01.uasset" 180
"../../../Escort/Content/StarterContent/Audio/Starter_Wind05.uasset" 181
"../../../Escort/Content/StarterContent/Audio/Starter_Wind06.uasset" 182
"../../../Escort/Content/StarterContent/Audio/Starter_Background_Cue.uasset" 183
"../../../Escort/Content/StarterContent/Audio/Starter_Music01.uasset" 184
"../../../Escort/Content/StarterContent/Audio/Starter_Music_Cue.uasset" 185
"../../../Escort/Content/StarterContent/Textures/T_Dust_Particle_D.uasset" 186
"../../../Escort/Content/StarterContent/Particles/Materials/M_Dust_Particle.uasset" 187
"../../../Escort/Content/StarterContent/Particles/P_Ambient_Dust.uasset" 188
"../../../Escort/Content/StarterContent/Props/MaterialSphere.uasset" 189
"../../../Escort/Content/StarterContent/Props/SM_Chair.uasset" 190
"../../../Escort/Content/StarterContent/Textures/T_Frame_M.uasset" 191
"../../../Escort/Content/StarterContent/Textures/T_Frame_N.uasset" 192
"../../../Escort/Content/StarterContent/Props/Materials/M_Frame.uasset" 193
"../../../Escort/Content/StarterContent/Props/SM_CornerFrame.uasset" 194
"../../../Escort/Content/StarterContent/Props/SM_DoorFrame.uasset" 195
"../../../Escort/Content/StarterContent/Materials/M_Glass.uasset" 196
"../../../Escort/Content/StarterContent/Props/SM_GlassWindow.uasset" 197
"../../../Escort/Content/StarterContent/Props/SM_PillarFrame.uasset" 198
"../../../Escort/Content/StarterContent/Props/SM_PillarFrame300.uasset" 199
"../../../Escort/Content/StarterContent/Textures/T_Statue_M.uasset" 200
"../../../Escort/Content/StarterContent/Textures/T_Statue_N.uasset" 201
"../../../Escort/Content/StarterContent/Props/Materials/M_Statue.uasset" 202
"../../../Escort/Content/StarterContent/Props/Materials/M_StatueGlass.uasset" 203
"../../../Escort/Content/StarterContent/Props/SM_Statue.uasset" 204
"../../../Escort/Content/StarterContent/Textures/T_TableRound_M.uasset" 205
"../../../Escort/Content/StarterContent/Textures/T_TableRound_N.uasset" 206
"../../../Escort/Content/StarterContent/Props/Materials/M_TableRound.uasset" 207
"../../../Escort/Content/StarterContent/Props/SM_TableRound.uasset" 208
"../../../Escort/Content/StarterContent/Props/SM_WindowFrame.uasset" 209
"../../../Escort/Content/StarterContent/Shapes/Shape_Cube.uasset" 210
"../../../Escort/Content/StarterContent/Shapes/Shape_QuadPyramid.uasset" 211
"../../../Escort/Content/StarterContent/Shapes/Shape_Sphere.uasset" 212
"../../../Escort/Content/StarterContent/Maps/StarterMap.umap" 213
"../../../Escort/Content/StarterContent/Maps/Minimal_Default.umap" 214
"../../../Escort/Content/Game/Menus/MainMenu.uasset" 215
"../../../Escort/Content/Maps/Main.umap" 216
"../../../Engine/Content/EngineMaterials/DefaultMaterial.uasset" 217
"../../../Engine/Content/EngineMaterials/DefaultDiffuse.uasset" 218
"../../../Engine/Content/EngineMaterials/DefaultNormal.uasset" 219
"../../../Engine/Content/Maps/Entry.umap" 220
"../../../Engine/Content/EngineMaterials/DefaultPhysicalMaterial.uasset" 221
"../../../Escort/Content/StarterContent/Textures/T_Bush_D.uasset" 222
"../../../Escort/Content/StarterContent/Textures/T_Bush_N.uasset" 223
"../../../Escort/Content/StarterContent/Props/Materials/M_Bush.uasset" 224
"../../../Escort/Content/StarterContent/Props/SM_Bush.uasset" 225
"../../../Escort/Content/Maps/WetAndHard.umap" 226
"../../../Escort/Content/Materials/M_OpaqueGlass.uasset" 227
"../../../Escort/Content/MapMeshes/Textures/MetalPainted0164_1_S.uasset" 228
"../../../Escort/Content/MapMeshes/Textures/MetalPainted0164_1_S-normals.uasset" 229
"../../../Escort/Content/MapMeshes/Floo.uasset" 230
"../../../Escort/Content/MapMeshes/Floor_001.uasset" 231
"../../../Escort/Content/MapMeshes/Base_Base_Center.uasset" 232
"../../../Escort/Content/MapMeshes/Textures/ConcreteLeaking0090_1_M.uasset" 233
"../../../Escort/Content/MapMeshes/ConcreteWalls.uasset" 234
"../../../Escort/Content/MapMeshes/Textures/BronzeCopper0020_1_S.uasset" 235
"../../../Escort/Content/MapMeshes/Textures/BronzeCopper0020_1_S-normals.uasset" 236
"../../../Escort/Content/MapMeshes/Copper.uasset" 237
"../../../Escort/Content/MapMeshes/Textures/MetalPlatesNew0025_1_S-normals.uasset" 238
"../../../Escort/Content/MapMeshes/Textures/MetalPlatesPainted0016_1_S.uasset" 239
"../../../Escort/Content/MapMeshes/MetalFrame.uasset" 240
"../../../Escort/Content/MapMeshes/Textures/Vents0232_1_S.uasset" 241
"../../../Escort/Content/MapMeshes/Textures/Vents0232_1_S-normals.uasset" 242
"../../../Escort/Content/MapMeshes/Vents.uasset" 243
"../../../Escort/Content/MapMeshes/Base_Base_Corner_In.uasset" 244
"../../../Escort/Content/MapMeshes/Base_Base_Corner_Out.uasset" 245
"../../../Escort/Content/MapMeshes/Base_Base_Side.uasset" 246
"../../../Escort/Content/MapMeshes/Textures/ConcreteNew0049_1_S.uasset" 247
"../../../Escort/Content/MapMeshes/ConcreteNew0049_1_S.uasset" 248
"../../../Escort/Content/MapMeshes/ConcretePillar.uasset" 249
"../../../Escort/Content/MapMeshes/Textures/MetalPlatesNew0025_1_S.uasset" 250
"../../../Escort/Content/MapMeshes/MetalWall.uasset" 251
"../../../Escort/Content/MapMeshes/Textures/MetalBare0232_1_S.uasset" 252
"../../../Escort/Content/MapMeshes/Textures/MetalBare0232_1_S-normals.uasset" 253
"../../../Escort/Content/MapMeshes/MetalWall2.uasset" 254
"../../../Escort/Content/MapMeshes/Textures/MetalPlatesNew0014_1_S.uasset" 255
"../../../Escort/Content/MapMeshes/Textures/MetalPlatesNew0014_1_S-normals.uasset" 256
"../../../Escort/Content/MapMeshes/Plates.uasset" 257
"../../../Escort/Content/MapMeshes/Base_Building1_1_Bump.uasset" 258
"../../../Escort/Content/MapMeshes/Base_Building1_1_Corner.uasset" 259
"../../../Escort/Content/MapMeshes/Base_Building1_1_Side.uasset" 260
"../../../Escort/Content/MapMeshes/Base_Building1_2_Bump.uasset" 261
"../../../Escort/Content/MapMeshes/Base_Building1_2_Corner.uasset" 262
"../../../Escort/Content/MapMeshes/Base_Building1_2_Side.uasset" 263
"../../../Escort/Content/MapMeshes/Base_Building1_Base_Bump.uasset" 264
"../../../Escort/Content/MapMeshes/Base_Building1_Base_Corner.uasset" 265
"../../../Escort/Content/MapMeshes/Base_Building1_Base_Entrance.uasset" 266
"../../../Escort/Content/MapMeshes/Base_Building1_Base_Side.uasset" 267
"../../../Escort/Content/MapMeshes/Base_Building1_Top_Corner.uasset" 268
"../../../Escort/Content/MapMeshes/Base_Building1_Top_Side.uasset" 269
"../../../Escort/Content/MapMeshes/Base_Building1_Top_Walk.uasset" 270
"../../../Engine/Content/Functions/Engine_MaterialFunctions01/Shading/MetallicShading.uasset" 271
"../../../Escort/Content/MapMeshes/Textures/MetalBare0234_1_S.uasset" 272
"../../../Escort/Content/MapMeshes/Handrails.uasset" 273
"../../../Escort/Content/MapMeshes/Textures/MetalFloorsBare0034_1_S.uasset" 274
"../../../Escort/Content/MapMeshes/Textures/MetalFloorsBare0034_1_S-normals.uasset" 275
"../../../Escort/Content/MapMeshes/WalkwayFloor.uasset" 276
"../../../Escort/Content/MapMeshes/Base_Walkway_End_Open.uasset" 277
"../../../Escort/Content/MapMeshes/Base_Walkway_Straight_3.uasset" 278
"../../../Escort/Content/MapMeshes/BronzeCopper0020_1_S.uasset" 279
"../../../Escort/Content/MapMeshes/ConcreteLeaking0090_1_M.uasset" 280
"../../../Escort/Content/MapMeshes/MetalBare0232_1_S.uasset" 281
"../../../Escort/Content/MapMeshes/MetalBare0234_1_S.uasset" 282
"../../../Escort/Content/MapMeshes/MetalFloorsBare0034_1_S.uasset" 283
"../../../Escort/Content/MapMeshes/MetalPainted0164_1_S.uasset" 284
"../../../Escort/Content/MapMeshes/MetalPlatesNew0014_1_S.uasset" 285
"../../../Escort/Content/MapMeshes/MetalPlatesNew0025_1_S.uasset" 286
"../../../Escort/Content/MapMeshes/MetalPlatesPainted0016_1_S.uasset" 287
"../../../Escort/Content/MapMeshes/Vents0232_1_S.uasset" 288
"../../../Escort/Content/Maps/Map1.umap" 289
"../../../Engine/Content/Functions/Engine_MaterialFunctions02/Utility/BreakOutFloat2Components.uasset" 290
"../../../Engine/Content/Functions/Engine_MaterialFunctions02/Utility/MakeFloat3.uasset" 291
"../../../Escort/Content/Materials/Laser.uasset" 292
"../../../Escort/Content/Maps/LaserCylinderMap.umap" 293
"../../../Escort/Content/Materials/Cool.uasset" 294
"../../../Engine/Content/Functions/Engine_MaterialFunctions02/Utility/BreakOutFloat3Components.uasset" 295
"../../../Escort/Content/Character/Textures/Grungemaps0136_S.uasset" 296
"../../../Escort/Content/Character/Materials/Colored_Metal.uasset" 297
"../../../Escort/Content/Character/Textures/MetalRivets0027_1_M.uasset" 298
"../../../Escort/Content/Character/Materials/DullMetal.uasset" 299
"../../../Escort/Content/Character/Textures/MetalBare0162_S.uasset" 300
"../../../Escort/Content/Character/Materials/Flex.uasset" 301
"../../../Escort/Content/Character/Textures/Joint.uasset" 302
"../../../Escort/Content/Character/Materials/Joint.uasset" 303
"../../../Escort/Content/Character/Materials/Joint2.uasset" 304
"../../../Escort/Content/Character/Materials/Light.uasset" 305
"../../../Escort/Content/Character/Meshes/Strong/strong_Skeleton.uasset" 306
"../../../Escort/Content/Character/Meshes/Strong/strong.uasset" 307
"../../../Escort/Content/Character/Textures/RooftilesTiles0024_1_S.uasset" 308
"../../../Escort/Content/Character/Textures/SegmentNormals.uasset" 309
"../../../Escort/Content/Character/Materials/Segments.uasset" 310
"../../../Escort/Content/Character/Meshes/Weak/weak_Skeleton.uasset" 311
"../../../Escort/Content/Character/Meshes/Weak/weak.uasset" 312
"../../../Escort/Content/StarterContent/Textures/T_RockMesh_M.uasset" 313
"../../../Escort/Content/StarterContent/Textures/T_RockMesh_N.uasset" 314
"../../../Escort/Content/StarterContent/Props/Materials/M_Rock.uasset" 315
"../../../Escort/Content/StarterContent/Props/SM_Rock.uasset" 316
"../../../Escort/Content/Maps/TestMap.umap" 317
"../../../Escort/Content/StarterContent/Blueprints/Assets/FogBrightnessLUT.uasset" 318
"../../../Escort/Content/StarterContent/Blueprints/Assets/SunlightColorLUT.uasset" 319
"../../../Escort/Content/StarterContent/Blueprints/Assets/M_LightStage_Arrows.uasset" 320
"../../../Engine/Content/MapTemplates/Sky/DaylightAmbientCubemap.uasset" 321
"../../../Escort/Content/StarterContent/Blueprints/Assets/M_LightStage_Skybox_Master.uasset" 322
"../../../Escort/Content/StarterContent/Blueprints/Assets/M_LightStage_Skybox_Black.uasset" 323
"../../../Escort/Content/StarterContent/Blueprints/Assets/M_LightStage_Skybox_HDRI.uasset" 324
"../../../Engine/Content/EditorMaterials/Thumbnails/SkySphereMaterial.uasset" 325
"../../../Escort/Content/StarterContent/Blueprints/Assets/Skybox.uasset" 326
"../../../Escort/Content/StarterContent/Blueprints/Assets/SM_Arrows.uasset" 327
"../../../Escort/Content/StarterContent/HDRI/HDRI_Epic_Courtyard_Daylight.uasset" 328
"../../../Escort/Content/StarterContent/Blueprints/BP_LightStudio.uasset" 329
"../../../Escort/Content/StarterContent/Materials/M_AssetPlatform.uasset" 330
"../../../Engine/Content/EditorMeshes/ColorCalibrator/M_ChromeBall.uasset" 331
"../../../Engine/Content/EditorMeshes/ColorCalibrator/M_ClearCoat.uasset" 332
"../../../Engine/Content/EditorMeshes/ColorCalibrator/M_ClearCoatBlack.uasset" 333
"../../../Engine/Content/EditorMeshes/ColorCalibrator/T_ColorGrid.uasset" 334
"../../../Engine/Content/EditorMeshes/ColorCalibrator/M_ColorGrid.uasset" 335
"../../../Engine/Content/EditorMeshes/ColorCalibrator/M_GreyBall.uasset" 336
"../../../Engine/Content/EditorMeshes/ColorCalibrator/SM_ColorCalibrator.uasset" 337
"../../../Escort/Content/StarterContent/Architecture/SM_AssetPlatform.uasset" 338
"../../../Escort/Content/StarterContent/Maps/Advanced_Lighting.umap" 339
"../../../Escort/Content/Materials/GravBeam.uasset" 340
"../../../Engine/Content/BasicShapes/Cylinder.uasset" 341
"../../../Escort/Content/Props/Blueprints/GravBeam.uasset" 342
"../../../Escort/Content/Props/Blueprints/SpawnPoint.uasset" 343
"../../../Escort/Content/MapMeshes/Billboards/Billboard10.uasset" 344
"../../../Escort/Content/MapMeshes/Billboards/Billboard10_Mat.uasset" 345
"../../../Escort/Content/MapMeshes/Billboards/Billboard1.uasset" 346
"../../../Escort/Content/MapMeshes/Billboards/Billboard1_Mat.uasset" 347
"../../../Escort/Content/MapMeshes/Billboards/Billboard2.uasset" 348
"../../../Escort/Content/MapMeshes/Billboards/Billboard2_Mat.uasset" 349
"../../../Escort/Content/MapMeshes/Billboards/Billboard3.uasset" 350
"../../../Escort/Content/MapMeshes/Billboards/Billboard3_Mat.uasset" 351
"../../../Escort/Content/MapMeshes/Billboards/Billboard4.uasset" 352
"../../../Escort/Content/MapMeshes/Billboards/Billboard4_Mat.uasset" 353
"../../../Escort/Content/MapMeshes/Billboards/Billboard5.uasset" 354
"../../../Escort/Content/MapMeshes/Billboards/Billboard5_Mat.uasset" 355
"../../../Escort/Content/MapMeshes/Billboards/Billboard6.uasset" 356
"../../../Escort/Content/MapMeshes/Billboards/Billboard6_Mat.uasset" 357
"../../../Escort/Content/MapMeshes/Billboards/Billboard7.uasset" 358
"../../../Escort/Content/MapMeshes/Billboards/Billboard7_Mat.uasset" 359
"../../../Escort/Content/MapMeshes/Billboards/Billboard8.uasset" 360
"../../../Escort/Content/MapMeshes/Billboards/Billboard8_Mat.uasset" 361
"../../../Escort/Content/MapMeshes/Billboards/Billboard9.uasset" 362
"../../../Escort/Content/MapMeshes/Billboards/Billboard9_Mat.uasset" 363
"../../../Escort/Content/MapMeshes/Base_Building1_1_Corner_In.uasset" 364
"../../../Escort/Content/MapMeshes/Base_Building1_2_Center.uasset" 365
"../../../Escort/Content/MapMeshes/Base_Building1_2_Corner_In.uasset" 366
"../../../Escort/Content/MapMeshes/Base_Building1_Base_Corner_In.uasset" 367
"../../../Escort/Content/MapMeshes/Base_Building1_Top_Center.uasset" 368
"../../../Escort/Content/MapMeshes/Base_Building1_Top_Corner_In.uasset" 369
"../../../Escort/Content/MapMeshes/Base_Walkway_Center_1x1.uasset" 370
"../../../Escort/Content/MapMeshes/Base_Walkway_Center_1x2.uasset" 371
"../../../Escort/Content/MapMeshes/Base_Walkway_Circle.uasset" 372
"../../../Escort/Content/MapMeshes/Base_Walkway_Corner.uasset" 373
"../../../Escort/Content/MapMeshes/Base_Walkway_Curve_Ramp_R.uasset" 374
"../../../Escort/Content/MapMeshes/Base_Walkway_Elbow.uasset" 375
"../../../Escort/Content/MapMeshes/Base_Walkway_Pillar_2.uasset" 376
"../../../Escort/Content/MapMeshes/Base_Walkway_Pillar_4.uasset" 377
"../../../Escort/Content/MapMeshes/Base_Walkway_Pillar_Base.uasset" 378
"../../../Escort/Content/MapMeshes/Base_Walkway_Pillar_Top.uasset" 379
"../../../Escort/Content/MapMeshes/Base_Walkway_Side.uasset" 380
"../../../Escort/Content/MapMeshes/Base_Walkway_Slant_1.uasset" 381
"../../../Escort/Content/MapMeshes/Base_Walkway_Slant_2.uasset" 382
"../../../Escort/Content/MapMeshes/Base_Walkway_Slant_3.uasset" 383
"../../../Escort/Content/MapMeshes/Base_Walkway_Straight_1.uasset" 384
"../../../Escort/Content/MapMeshes/Base_Walkway_Straight_2.uasset" 385
"../../../Escort/Content/MapMeshes/Base_Walkway_T.uasset" 386
"../../../Escort/Content/MapMeshes/Base_Walkway_T_SIde.uasset" 387
"../../../Escort/Content/MapMeshes/Base_Walkway_X.uasset" 388
"../../../Escort/Content/MapMeshes/ScreenEdges.uasset" 389
"../../../Escort/Content/MapMeshes/Details_Billboard_Face.uasset" 390
"../../../Escort/Content/MapMeshes/Details_Billboard_Side.uasset" 391
"../../../Escort/Content/MapMeshes/Textures/PlywoodNew0059_1_S.uasset" 392
"../../../Escort/Content/MapMeshes/Plywood.uasset" 393
"../../../Escort/Content/MapMeshes/Details_Scaffold.uasset" 394
"../../../Escort/Content/MapMeshes/Textures/DoorsMetalDouble0006_S.uasset" 395
"../../../Escort/Content/MapMeshes/DoubleDoor.uasset" 396
"../../../Escort/Content/MapMeshes/Details_Shed.uasset" 397
"../../../Escort/Content/MapMeshes/Textures/MetalPlatesDucts0021_1_S.uasset" 398
"../../../Escort/Content/MapMeshes/Ducts.uasset" 399
"../../../Escort/Content/MapMeshes/Textures/Aircos0138_S.uasset" 400
"../../../Escort/Content/MapMeshes/Fan.uasset" 401
"../../../Escort/Content/MapMeshes/Textures/Vents0208_1_S.uasset" 402
"../../../Escort/Content/MapMeshes/Vents2.uasset" 403
"../../../Escort/Content/MapMeshes/Details_Shed_001.uasset" 404
"../../../Escort/Content/MapMeshes/Details_Shed_002.uasset" 405
"../../../Escort/Content/MapMeshes/Roads_Base_Gate.uasset" 406
"../../../Escort/Content/MapMeshes/Roads_Base_Gate_Top.uasset" 407
"../../../Escort/Content/MapMeshes/Textures/ConcretePlatesDirty0039_1_S.uasset" 408
"../../../Escort/Content/MapMeshes/Textures/ConcretePlatesDirty0039_1_S-normals.uasset" 409
"../../../Escort/Content/MapMeshes/Sidewalk.uasset" 410
"../../../Escort/Content/MapMeshes/Roads_Base_Gate_Top_Center.uasset" 411
"../../../Escort/Content/MapMeshes/Roads_Base_Gate_Top_Side.uasset" 412
"../../../Escort/Content/MapMeshes/Roads_Gate_Middle.uasset" 413
"../../../Escort/Content/MapMeshes/Roads_Gate_Side.uasset" 414
"../../../Escort/Content/MapMeshes/Textures/AsphaltDamaged0061_1_S.uasset" 415
"../../../Escort/Content/MapMeshes/Textures/AsphaltDamaged0061_1_S-normals.uasset" 416
"../../../Escort/Content/MapMeshes/Asphalt.uasset" 417
"../../../Escort/Content/MapMeshes/Roads_Road_2x2.uasset" 418
"../../../Escort/Content/MapMeshes/Roads_Road_3.uasset" 419
"../../../Escort/Content/MapMeshes/Roads_Road_4x4.uasset" 420
"../../../Escort/Content/MapMeshes/Roads_Road_Gate.uasset" 421
"../../../Escort/Content/MapMeshes/Roads_Road_Gate_Side.uasset" 422
"../../../Escort/Content/MapMeshes/Roads_Sidewalk_Corner.uasset" 423
"../../../Escort/Content/MapMeshes/Roads_Sidewalk_Gate.uasset" 424
"../../../Escort/Content/MapMeshes/Roads_Sidewalk_Island.uasset" 425
"../../../Escort/Content/MapMeshes/Roads_Sidewalk_Island_Cap.uasset" 426
"../../../Escort/Content/MapMeshes/Roads_Sidewalk_Side_1.uasset" 427
"../../../Escort/Content/Maps/ActualMapThatDoesntSuckAndIsntMerged.umap" 428
"../../../Engine/Content/EngineFonts/Roboto.uasset" 429
"../../../Engine/Content/Functions/Engine_MaterialFunctions01/Shading/PowerToRoughness.uasset" 430
"../../../Engine/Content/Functions/Engine_MaterialFunctions01/Shading/ConvertFromDiffSpec.uasset" 431
"../../../Engine/Content/EngineMaterials/DefaultDeferredDecalMaterial.uasset" 432
"../../../Engine/Content/EngineMaterials/DefaultLightFunctionMaterial.uasset" 433
"../../../Engine/Content/EngineMaterials/DefaultPostProcessMaterial.uasset" 434
"../../../Engine/Content/EngineResources/DefaultTexture.uasset" 435
"../../../Engine/Content/Functions/Engine_MaterialFunctions02/Texturing/ScreenAlignedUVs.uasset" 436
"../../../Engine/Content/EngineResources/WhiteSquareTexture.uasset" 437
"../../../Engine/Content/EngineMaterials/Widget3DPassThrough.uasset" 438
"../../../Engine/Content/EngineMaterials/Widget3DPassThrough_Translucent.uasset" 439
"../../../Engine/Content/EngineMaterials/Widget3DPassThrough_Translucent_OneSided.uasset" 440
"../../../Engine/Content/EngineMaterials/Widget3DPassThrough_Opaque.uasset" 441
"../../../Engine/Content/EngineMaterials/Widget3DPassThrough_Opaque_OneSided.uasset" 442
"../../../Engine/Content/EngineMaterials/Widget3DPassThrough_Masked.uasset" 443
"../../../Engine/Content/EngineMaterials/Widget3DPassThrough_Masked_OneSided.uasset" 444
"../../../Engine/Content/EditorResources/S_Actor.uasset" 445
"../../../Engine/Content/Maps/Templates/Thumbnails/Default.uasset" 446
"../../../Engine/Content/EditorMaterials/ParticleSystems/PSysThumbnail_NoImage.uasset" 447
"../../../Engine/Content/EditorMaterials/ParticleSystems/PSysThumbnail_OOD.uasset" 448
"../../../Engine/Content/EditorLandscapeResources/DataLayer.uasset" 449
"../../../Engine/Content/EngineDamageTypes/DmgTypeBP_Environmental.uasset" 450
"../../../Engine/Content/EngineMeshes/Sphere.uasset" 451
"../../../Engine/Content/EngineMaterials/DefaultTextMaterialOpaque.uasset" 452
"../../../Engine/Content/EditorResources/S_Trigger.uasset" 453
"../../../Engine/Content/EngineResources/GradientTexture0.uasset" 454
"../../../Engine/Content/EngineResources/Black.uasset" 455
"../../../Engine/Content/EditorMaterials/MatineeGroups/MAT_Groups_Float.uasset" 456
"../../../Engine/Content/EditorMaterials/MatineeGroups/MAT_Groups_Director.uasset" 457
"../../../Engine/Content/EditorMaterials/MatineeGroups/MAT_Groups_Event.uasset" 458
"../../../Engine/Content/EditorMaterials/MatineeGroups/MAT_Groups_Anim.uasset" 459
"../../../Engine/Content/EditorMaterials/MatineeGroups/MAT_Groups_Fade.uasset" 460
"../../../Engine/Content/EditorMaterials/MatineeGroups/MAT_Groups_Move.uasset" 461
"../../../Engine/Content/EditorMaterials/MatineeGroups/MAT_Groups_Slomo.uasset" 462
"../../../Engine/Content/EditorMaterials/MatineeGroups/MAT_ColorTrack.uasset" 463
"../../../Engine/Content/EditorMaterials/MAT_Groups_Toggle.uasset" 464
"../../../Engine/Content/EditorMaterials/MatineeGroups/MAT_Groups_AudioMaster.uasset" 465
"../../../Engine/Content/EditorMaterials/MatineeGroups/MAT_Groups_Sound.uasset" 466
"../../../Engine/Content/EditorMaterials/MatineeGroups/MAT_Groups_Vector.uasset" 467
"../../../Engine/Content/EditorMaterials/MAT_Groups_Visibility.uasset" 468
"../../../Engine/Content/EngineResources/DefaultTextureCube.uasset" 469
"../../../Engine/Content/EngineMeshes/Cylinder.uasset" 470
"../../../Engine/Content/EngineTireTypes/DefaultTireType.uasset" 471
"../../../Engine/Content/EngineResources/AICON-Red.uasset" 472
"../../../Engine/Content/EngineResources/AICON-Green.uasset" 473
"../../../Engine/Content/Tutorial/Basics/LevelEditorAttract.uasset" 474
"../../../Engine/Content/Tutorial/SubEditors/TutorialAssets/TutorialMaterial.uasset" 475
"../../../Engine/Content/Tutorial/SubEditors/MaterialEditorTutorial.uasset" 476
"../../../Engine/Content/Tutorial/Basics/TutorialAssets/icon_tab_Levels_40x.uasset" 477
"../../../Engine/Content/Tutorial/Basics/LevelEditorOverview.uasset" 478
"../../../Engine/Content/Tutorial/Landscape/TutorialAssets/Landscape.uasset" 479
"../../../Engine/Content/Tutorial/Landscape/Landscape_Painting_Mode.uasset" 480
"../../../Engine/Content/Tutorial/Landscape/Landscape_Sculpt_Mode.uasset" 481
"../../../Engine/Content/Tutorial/Landscape/Landscape_Manage_Mode.uasset" 482
"../../../Engine/Content/Tutorial/ContentIntroCurve.uasset" 483
"../../../Engine/Plugins/2D/Paper2D/Content/PlaceholderTextures/DummySpriteTexture.uasset" 484
"../../../Engine/Plugins/2D/Paper2D/Content/DefaultSpriteMaterial.uasset" 485
"../../../Engine/Plugins/2D/Paper2D/Content/MaskedUnlitSpriteMaterial.uasset" 486
"../../../Engine/Plugins/2D/Paper2D/Content/OpaqueUnlitSpriteMaterial.uasset" 487
"../../../Engine/Plugins/2D/Paper2D/Content/DummySpriteTexture.uasset" 488
"../../../Engine/Plugins/2D/Paper2D/Content/DummySprite.uasset" 489
"../../../Engine/Plugins/2D/Paper2D/Content/DefaultPaperTerrainMaterial.uasset" 490
"../../../Engine/Plugins/Runtime/LeapMotionController/Content/LM_CapsuleMesh.uasset" 491
"../../../Engine/Plugins/Runtime/LeapMotionController/Content/LM_TorusMesh.uasset" 492
"../../../Engine/Plugins/Runtime/LeapMotionController/Content/LM_HandColor.uasset" 493
"../../../Engine/Plugins/Runtime/LeapMotionController/Content/LM_SampleDistortion.uasset" 494
"../../../Engine/Plugins/Runtime/LeapMotionController/Content/LM_TestTexture.uasset" 495
"../../../Engine/Plugins/Runtime/LeapMotionController/Content/LM_PassthroughMaterial.uasset" 496
"../../../Engine/Content/BasicShapes/Cube.uasset" 497
"../../../Engine/Content/EngineMaterials/RemoveSurfaceMaterial.uasset" 498
"../../../Engine/Content/EngineDebugMaterials/DebugMeshMaterial.uasset" 499
"../../../Engine/Content/EngineMaterials/InvalidLightmapSettings.uasset" 500
"../../../Engine/Content/EngineMaterials/M_InvalidLightmapSettings.uasset" 501
"../../../Engine/Content/EditorMaterials/GizmoMaterial.uasset" 502
"../../../Engine/Content/EngineMaterials/Good64x64TilingNoiseHighFreq.uasset" 503
"../../../Engine/Content/EngineMaterials/DefaultBokeh.uasset" 504
"../../../Engine/Content/EngineMaterials/PreintegratedSkinBRDF.uasset" 505
"../../../Engine/Content/EngineMaterials/MiniFont.uasset" 506
"../../../Engine/Content/EngineMaterials/WeightMapPlaceholderTexture.uasset" 507
"../../../Engine/Content/EngineMaterials/DefaultWhiteGrid.uasset" 508
"../../../Engine/Content/EngineFonts/RobotoTiny.uasset" 509
"../../../Escort/Content/Character/Textures/MetalPainted0121_1_S.uasset" 510
"../../../Engine/Content/MobileResources/HUD/MobileHUDDirectionPad.uasset" 511
"../../../Engine/Content/MobileResources/T_MobileMenu2.uasset" 512
"../../../Escort/Content/MapMeshes/Textures/MetalFloorsBare0034_1_S-bump.uasset" 513
"../../../Escort/Content/StarterContent/Shapes/Shape_Trim_90_Out.uasset" 514
"../../../Escort/Content/StarterContent/Shapes/Shape_TriPyramid.uasset" 515
"../../../Escort/Content/StarterContent/Shapes/Shape_Tube.uasset" 516
"../../../Escort/Content/StarterContent/Shapes/Shape_Wedge_A.uasset" 517
"../../../Escort/Content/StarterContent/Shapes/Shape_Wedge_B.uasset" 518
"../../../Escort/Content/StarterContent/Shapes/Shape_WideCapsule.uasset" 519
"../../../Engine/Content/EditorResources/LightIcons/S_LightError.uasset" 520
"../../../Engine/Content/MobileResources/HUD/MobileHUDDirectionStick.uasset" 521
"../../../Escort/Content/StarterContent/Shapes/Shape_Cone.uasset" 522
"../../../Escort/Content/StarterContent/Shapes/Shape_Cylinder.uasset" 523
"../../../Escort/Content/StarterContent/Shapes/Shape_NarrowCapsule.uasset" 524
"../../../Escort/Content/StarterContent/Shapes/Shape_Pipe.uasset" 525
"../../../Escort/Content/StarterContent/Shapes/Shape_Pipe_180.uasset" 526
"../../../Escort/Content/StarterContent/Shapes/Shape_Pipe_90.uasset" 527
"../../../Escort/Content/StarterContent/Shapes/Shape_Plane.uasset" 528
"../../../Escort/Content/StarterContent/Shapes/Shape_Torus.uasset" 529
"../../../Escort/Content/StarterContent/Shapes/Shape_Trim.uasset" 530
"../../../Escort/Content/StarterContent/Shapes/Shape_Trim_90_In.uasset" 531
"../../../Engine/Content/MobileResources/HUD/MobileHUDButtonFire.uasset" 532
"../../../Engine/Content/MobileResources/HUD/MobileHUDButton2_on.uasset" 533
"../../../Engine/Content/MobileResources/HUD/T_Castle_ThumbstickInner.uasset" 534
"../../../Escort/Content/Character/Meshes/Weak/weak_bunny.uasset" 535
"../../../Escort/Content/Character/Textures/MenuBG.uasset" 536
"../../../Escort/Content/StarterContent/Audio/Explosion01.uasset" 537
"../../../Escort/Content/StarterContent/Audio/Explosion02.uasset" 538
"../../../Escort/Content/StarterContent/Audio/Explosion_Cue.uasset" 539
"../../../Escort/Content/StarterContent/Textures/T_Burst_M.uasset" 540
"../../../Escort/Content/StarterContent/Particles/Materials/M_Burst.uasset" 541
"../../../Escort/Content/StarterContent/Textures/T_Explosion_SubUV.uasset" 542
"../../../Escort/Content/StarterContent/Particles/Materials/M_explosion_subUV.uasset" 543
"../../../Escort/Content/StarterContent/Particles/Materials/m_flare_01.uasset" 544
"../../../Escort/Content/StarterContent/Particles/Materials/M_radial_ramp.uasset" 545
"../../../Escort/Content/StarterContent/Particles/P_Explosion.uasset" 546
"../../../Escort/Content/StarterContent/Blueprints/Blueprint_Effect_Explosion.uasset" 547
"../../../Escort/Content/StarterContent/Textures/T_Shelf_M.uasset" 548
"../../../Escort/Content/StarterContent/Textures/T_Shelf_N.uasset" 549
"../../../Escort/Content/StarterContent/Props/Materials/M_Shelf.uasset" 550
"../../../Escort/Content/StarterContent/Props/SM_Shelf.uasset" 551
"../../../Escort/Content/StarterContent/Props/SM_Stairs.uasset" 552
"../../../Engine/Content/EditorResources/AudioIcons/S_AudioComponent_AutoActivate.uasset" 553
"../../../Engine/Content/EditorResources/EmptyActor.uasset" 554
"../../../Engine/Content/MobileResources/HUD/MobileHUDButton1_on.uasset" 555
"../../../Engine/Content/MobileResources/HUD/MobileHUDButton3.uasset" 556
"../../../Engine/Content/MobileResources/HUD/MobileHUDDirectionPad3.uasset" 557
"../../../Engine/Content/MobileResources/HUD/T_Castle_ThumbstickOutter.uasset" 558
"../../../Escort/Content/Character/Meshes/Strong/strong_bunny.uasset" 559
"../../../Engine/Content/Functions/Engine_MaterialFunctions02/Utility/CameraDirectionVector.uasset" 560
"../../../Engine/Content/Functions/Engine_MaterialFunctions02/WorldPositionOffset/LocalPosition.uasset" 561
"../../../Escort/Content/Materials/M_Cloak.uasset" 562
"../../../Escort/Content/StarterContent/Materials/M_Cloak.uasset" 563
"../../../Escort/Content/StarterContent/Materials/M_ColorGrid_LowSpec.uasset" 564
"../../../Engine/Content/EditorMaterials/PhAT_JointLimitMaterial.uasset" 565
"../../../Engine/Content/EditorMaterials/PreviewShadowIndicator.uasset" 566
"../../../Engine/Content/EditorMaterials/PreviewShadowIndicatorMaterial.uasset" 567
"../../../Engine/Content/EditorResources/BSPVertex.uasset" 568
"../../../Engine/Content/EditorResources/AudioIcons/S_AudioComponent.uasset" 569
"../../../Engine/Content/EngineDebugMaterials/HeatmapGradient.uasset" 570
"../../../Engine/Content/EngineDebugMaterials/BoneWeightMaterial.uasset" 571
"../../../Engine/Content/EngineDebugMaterials/GeomMaterial.uasset" 572
"../../../Engine/Content/EngineMaterials/EditorBrushMaterial.uasset" 573
"../../../Engine/Content/MobileResources/T_MobileControls_texture.uasset" 574
"../../../Engine/Content/MobileResources/HUD/AnalogHat.uasset" 575
"../../../Engine/Content/MobileResources/HUD/VirtualJoystick_Background.uasset" 576
"../../../Engine/Content/MobileResources/HUD/VirtualJoystick_Thumb.uasset" 577
"../../../Engine/Content/MobileResources/HUD/DefaultVirtualJoysticks.uasset" 578
"../../../Engine/Content/MobileResources/HUD/LeftVirtualJoystickOnly.uasset" 579
"../../../Engine/Content/MobileResources/HUD/MobileHUDButton1_off.uasset" 580
"../../../Engine/Content/MobileResources/HUD/MobileHUDButton2_off.uasset" 581
"../../../Engine/Content/MobileResources/HUD/MobileHUDDirectionPad2.uasset" 582
"../../../Engine/Content/Tutorial/BlueprintTutorials/TutorialAssets/Blueprint_64x.uasset" 583
"../../../Engine/Content/Tutorial/BlueprintTutorials/BlueprintEditorTutorial.uasset" 584
"../../../Engine/Content/Tutorial/BlueprintTutorials/TutorialAssets/BlueprintInterface_64x.uasset" 585
"../../../Engine/Content/Tutorial/BlueprintTutorials/TutorialAssets/Tutorial_BP_Interface.uasset" 586
"../../../Engine/Content/Tutorial/BlueprintTutorials/BlueprintInterfacesEditorOverview.uasset" 587
"../../../Engine/Content/Tutorial/BlueprintTutorials/TutorialAssets/BlueprintMacroLibrary_64x.uasset" 588
"../../../Engine/Content/Tutorial/BlueprintTutorials/TutorialAssets/Tutorial_BP_MacroLib.uasset" 589
"../../../Engine/Content/Tutorial/BlueprintTutorials/BlueprintMacroLibrariesEditorOverview.uasset" 590
"../../../Engine/Content/Tutorial/BlueprintTutorials/LevelBlueprintEditorOverview.uasset" 591
"../../../Engine/Content/Tutorial/Foliage/TutorialAssets/Foliage.uasset" 592
"../../../Engine/Content/Tutorial/Foliage/Foliage_Settings_Tutorial.uasset" 593
"../../../Engine/Content/Tutorial/Foliage/Foliage_Using_The_Tool_Tutorial.uasset" 594
"../../../Engine/Content/Tutorial/Foliage/Foliage_Intro_Tutorial.uasset" 595
"../../../Engine/Content/Tutorial/Paper2D/TutorialAssets/Paper2DFlipbook_TutorialIcon.uasset" 596
"../../../Engine/Content/Tutorial/Paper2D/FlipbookEditorTutorial.uasset" 597
"../../../Engine/Content/Tutorial/Paper2D/TutorialAssets/Paper2DSprite_TutorialIcon.uasset" 598
"../../../Engine/Content/Tutorial/Paper2D/SpriteEditorTutorial.uasset" 599
"../../../Engine/Content/EditorMeshes/EditorCube.uasset" 600
"../../../Engine/Content/Tutorial/SubEditors/TutorialAssets/Tutorial_DM.uasset" 601
"../../../Engine/Content/Tutorial/SubEditors/DestructibleMeshEditorTutorial.uasset" 602
"../../../Engine/Content/Tutorial/SubEditors/TutorialAssets/T_SmokeSubUV_8X8.uasset" 603
"../../../Engine/Content/Tutorial/SubEditors/TutorialAssets/T_soft_smoke.uasset" 604
"../../../Engine/Content/Tutorial/SubEditors/TutorialAssets/M_smoke_subUV_blackbody.uasset" 605
"../../../Engine/Content/Tutorial/SubEditors/TutorialAssets/TutorialParticleSystem.uasset" 606
"../../../Engine/Content/Tutorial/SubEditors/ParticleSystemEditorTutorial.uasset" 607
"../../../Engine/Content/Tutorial/SubEditors/TutorialAssets/icon_ShowSkeletalMeshes_40x.uasset" 608
"../../../Engine/Content/Tutorial/SubEditors/TutorialAssets/Character/TutorialTPP_Mat.uasset" 609
"../../../Engine/Content/Tutorial/SubEditors/TutorialAssets/Character/TutorialTPP_PhysicsAsset.uasset" 610
"../../../Engine/Content/Tutorial/SubEditors/TutorialAssets/Character/TutorialTPP.uasset" 611
"../../../Engine/Content/Tutorial/SubEditors/TutorialAssets/Character/TutorialTPP_Skeleton.uasset" 612
"../../../Engine/Content/Tutorial/SubEditors/TutorialAssets/Character/Tutorial_Idle.uasset" 613
"../../../Engine/Content/Tutorial/SubEditors/TutorialAssets/Character/Tutorial_Walk_Fwd.uasset" 614
"../../../Engine/Content/Tutorial/SubEditors/TutorialAssets/Character/NewBlendSpace1D.uasset" 615
"../../../Engine/Content/Tutorial/SubEditors/TutorialAssets/Character/TutorialCharacter.uasset" 616
"../../../Engine/Content/Tutorial/SubEditors/TutorialAssets/Character/TutorialTPP_AnimBlueprint.uasset" 617
"../../../Engine/Content/Tutorial/SubEditors/PersonaAnimBlueprintEditorWalkthrough.uasset" 618
"../../../Engine/Content/Tutorial/SubEditors/PersonaAnimEditorWalkThrough.uasset" 619
"../../../Engine/Content/EngineMeshes/Cube.uasset" 620
"../../../Engine/Content/Tutorial/SubEditors/StaticMeshEditorTutorial.uasset" 621
"../../../Engine/Content/Tutorial/SubEditors/TutorialAssets/icon_Editor_Preferences_General_40x.uasset" 622
"../../../Escort/Content/Character/Animation/Strong/strong_push.uasset" 623
"../../../Engine/Content/EngineAnimNotifies/AnimNotify_PlaySound.uasset" 624
"../../../Escort/Content/Sounds/160500__timmy-h123__whoosh-01.uasset" 625
"../../../Escort/Content/Character/Animation/Strong/strong_push_montage.uasset" 626
"../../../Escort/Content/Character/Animation/Strong/strong_fall.uasset" 627
"../../../Engine/Content/EditorBlueprintResources/ActorMacros.uasset" 628
"../../../Escort/Content/Character/Animation/Strong/Guardian/strong_guardian_pull.uasset" 629
"../../../Engine/Content/EngineAnimNotifies/AnimNotify_PlayParticleEffect.uasset" 630
"../../../Escort/Content/Sounds/337788__robinhood76__06391-fast-air-impact.uasset" 631
"../../../Escort/Content/StarterContent/Particles/Materials/M_ClimbMag.uasset" 632
"../../../Escort/Content/StarterContent/Particles/GuardianPull.uasset" 633
"../../../Escort/Content/Character/Animation/Strong/Guardian/strong_pull_montage.uasset" 634
"../../../Escort/Content/Character/Animation/Strong/strong_arms.uasset" 635
"../../../Escort/Content/StarterContent/Particles/ClimbMag.uasset" 636
"../../../Escort/Content/Character/Animation/Strong/strong_climb.uasset" 637
"../../../Escort/Content/Character/Animation/Strong/strong_jump.uasset" 638
"../../../Escort/Content/Character/Animation/Strong/strong_land.uasset" 639
"../../../Escort/Content/Character/Animation/Strong/strong_idle.uasset" 640
"../../../Escort/Content/Character/Animation/Strong/strong_strafe_left.uasset" 641
"../../../Escort/Content/Character/Animation/Strong/strong_strafe_right.uasset" 642
"../../../Escort/Content/Character/Animation/Strong/strong_walk.uasset" 643
"../../../Escort/Content/Character/Animation/Strong/strong_walk_back.uasset" 644
"../../../Escort/Content/Character/Animation/Strong/strong_movement.uasset" 645
"../../../Escort/Content/Character/Animation/Strong/strong_turn.uasset" 646
"../../../Escort/Content/Character/Animation/Strong/strong_anim.uasset" 647
"../../../Escort/Content/Character/Animation/Strong/strong_arms_land.uasset" 648
"../../../Escort/Content/Character/Animation/Strong/strong_punch_left.uasset" 649
"../../../Escort/Content/Character/Animation/Strong/strong_punch_right.uasset" 650
"../../../Escort/Content/Character/Animation/Strong/strong_punch_montage.uasset" 651
"../../../Escort/Content/Character/Meshes/Strong/strong_fp.uasset" 652
"../../../Escort/Content/Character/Blueprints/Strong/StrongRobot.uasset" 653
"../../../Escort/Content/Character/Blueprints/Strong/Guardian.uasset" 654
"../../../Escort/Content/Character/Animation/Strong/Hunter/strong_hunter_airstrike.uasset" 655
"../../../Escort/Content/Sounds/19307__martian__hi-speed-electronic-whoosh-1.uasset" 656
"../../../Escort/Content/Character/Animation/Strong/Hunter/strong_airstrike_montage.uasset" 657
"../../../Escort/Content/Character/Animation/Strong/Hunter/strong_hunter_strike_left.uasset" 658
"../../../Escort/Content/Character/Animation/Strong/Hunter/strong_hunter_strike_right.uasset" 659
"../../../Escort/Content/Character/Animation/Strong/Hunter/strong_hunter_strike.uasset" 660
"../../../Escort/Content/Character/Meshes/Strong/strong_hunter.uasset" 661
"../../../Escort/Content/Character/Meshes/Strong/strong_hunter_fp.uasset" 662
"../../../Escort/Content/StarterContent/Particles/ClawSparks.uasset" 663
"../../../Escort/Content/Character/Blueprints/Strong/Hunter.uasset" 664
"../../../Escort/Content/Character/Animation/Strong/Hurler/strong_hurler_throw.uasset" 665
"../../../Escort/Content/Character/Animation/Strong/Hurler/hurler_throw_montage.uasset" 666
"../../../Escort/Content/Character/Animation/Strong/Hurler/strong_arms_hurler.uasset" 667
"../../../Escort/Content/Character/Animation/Weak/weak_arms.uasset" 668
"../../../Escort/Content/Character/Meshes/weak_Skeleton.uasset" 669
"../../../Escort/Content/Character/Animation/Weak/weak_fall.uasset" 670
"../../../Escort/Content/Character/Animation/Weak/weak_jump.uasset" 671
"../../../Escort/Content/Character/Animation/Weak/weak_land.uasset" 672
"../../../Escort/Content/Character/Animation/Weak/weak_idle.uasset" 673
"../../../Escort/Content/Character/Animation/Weak/weak_strafe_left.uasset" 674
"../../../Escort/Content/Character/Animation/Weak/weak_strafe_right.uasset" 675
"../../../Escort/Content/Character/Animation/Weak/weak_walk.uasset" 676
"../../../Escort/Content/Character/Animation/Weak/weak_walk_back.uasset" 677
"../../../Escort/Content/Character/Animation/Weak/weak_movement.uasset" 678
"../../../Escort/Content/Character/Animation/Weak/weak_turn.uasset" 679
"../../../Escort/Content/Character/Animation/Weak/weak_anim.uasset" 680
"../../../Escort/Content/Character/Meshes/Weak/weak_fp.uasset" 681
"../../../Escort/Content/Character/Blueprints/Weak/WeakRobot.uasset" 682
"../../../Escort/Content/Materials/M_Antimatter.uasset" 683
"../../../Escort/Content/Props/Meshes/icoshere.uasset" 684
"../../../Escort/Content/StarterContent/Particles/Materials/M_Radial_Glow.uasset" 685
"../../../Escort/Content/StarterContent/Particles/P_Antimatter.uasset" 686
"../../../Escort/Content/Props/Blueprints/HurlerProjectile.uasset" 687
"../../../Escort/Content/StarterContent/Particles/P_Antimatter_Form.uasset" 688
"../../../Escort/Content/Character/Blueprints/Strong/Hurler.uasset" 689
"../../../Escort/Content/Character/Blueprints/Weak/InfiltratorDecoy.uasset" 690
"../../../Escort/Content/Character/Blueprints/Strong/Infiltrator.uasset" 691
"../../../Escort/Content/Character/Animation/Weak/weak_assassin_strike.uasset" 692
"../../../Escort/Content/Character/Animation/Weak/weak_assassin_strike_montage.uasset" 693
"../../../Escort/Content/Props/Meshes/knife.uasset" 694
"../../../Escort/Content/Character/Blueprints/Weak/Assassin.uasset" 695
"../../../Escort/Content/Character/Blueprints/Weak/Ghost.uasset" 696
"../../../Escort/Content/Character/Blueprints/Weak/Scout.uasset" 697
"../../../Escort/Content/Game/Menus/ClassSelectMenu.uasset" 698
"../../../Escort/Content/Character/Blueprints/Spectator.uasset" 699
"../../../Escort/Content/Materials/ScreenNoise.uasset" 700
"../../../Engine/Content/Functions/Engine_MaterialFunctions02/SplitComponents.uasset" 701
"../../../Engine/Content/Functions/Engine_MaterialFunctions02/Utility/VectorLength.uasset" 702
"../../../Escort/Content/Materials/Functions/ConvolveTexture.uasset" 703
"../../../Escort/Content/Materials/Functions/ExtractDepth.uasset" 704
"../../../Escort/Content/Materials/Functions/SampleSingleNeighbor.uasset" 705
"../../../Escort/Content/Materials/Functions/SampleSceneTextureNeighbors.uasset" 706
"../../../Escort/Content/Materials/Functions/SampleAndConvolve.uasset" 707
"../../../Escort/Content/Materials/ScreenOutline.uasset" 708
"../../../Escort/Content/Character/Materials/Inst/BlueMetal.uasset" 709
"../../../Escort/Content/Character/Materials/Inst/GreenMetal.uasset" 710
"../../../Escort/Content/Character/Materials/Inst/OrangeMetal.uasset" 711
"../../../Escort/Content/Character/Materials/Inst/PurpleMetal.uasset" 712
"../../../Escort/Content/Character/Materials/Inst/RedMetal.uasset" 713
"../../../Escort/Content/Character/Materials/Inst/YellowMetal.uasset" 714
"../../../Escort/Content/Game/Menus/PauseMenu.uasset" 715
"../../../Escort/Content/Character/Blueprints/PlayerBase.uasset" 716
"../../../Escort/Content/Character/Player.uasset" 717
"../../../Escort/Content/Character/Animation/weak_anim.uasset" 718
"../../../Escort/Content/Character/Animation/weak_fall.uasset" 719
"../../../Escort/Content/Character/Animation/weak_idle.uasset" 720
"../../../Escort/Content/Character/Animation/weak_jump.uasset" 721
"../../../Escort/Content/Character/Animation/weak_land.uasset" 722
"../../../Escort/Content/Character/Animation/weak_movement.uasset" 723
"../../../Escort/Content/Character/Animation/weak_strafe_left.uasset" 724
"../../../Escort/Content/Character/Animation/weak_strafe_right.uasset" 725
"../../../Escort/Content/Character/Animation/weak_turn.uasset" 726
"../../../Escort/Content/Character/Animation/weak_walk.uasset" 727
"../../../Escort/Content/Character/Animation/weak_walk_back.uasset" 728
"../../../Escort/Content/Character/Animation/Strong/strong_guardian_pull.uasset" 729
"../../../Escort/Content/Character/Animation/Strong/strong_pull_montage.uasset" 730
"../../../Escort/Content/Character/Animation/Strong/strong_punch_left_montage.uasset" 731
"../../../Escort/Content/Character/Animation/Strong/Hunter/strong_hunter_targetting.uasset" 732
"../../../Escort/Content/Character/Animation/Weak/weak_arms_assassin.uasset" 733
"../../../Escort/Content/Character/Blueprints/DeadSpectator.uasset" 734
"../../../Escort/Content/Character/Blueprints/StrongRobot.uasset" 735
"../../../Escort/Content/Character/Blueprints/WeakRobot.uasset" 736
"../../../Escort/Content/Character/Meshes/weak.uasset" 737
"../../../Escort/Content/Character/Meshes/weak_fp.uasset" 738
"../../../Escort/Content/Character/Textures/HitMarker.uasset" 739
"../../../Escort/Content/Game/DefaultHud.uasset" 740
"../../../Escort/Content/Game/EscortGameMode.uasset" 741
"../../../Escort/Content/Game/MainMenu.uasset" 742
"../../../Escort/Content/MapMeshes/AsphaltDamaged0061_1_S-normals.uasset" 743
"../../../Escort/Content/MapMeshes/AsphaltDamaged0061_1_S.uasset" 744
"../../../Escort/Content/MapMeshes/Base_Walkway_Center_2x2.uasset" 745
"../../../Escort/Content/MapMeshes/Base_Walkway_Curve.uasset" 746
"../../../Escort/Content/MapMeshes/Base_Walkway_Curve_Ramp_L.uasset" 747
"../../../Escort/Content/MapMeshes/Base_Walkway_End_Cap.uasset" 748
"../../../Escort/Content/MapMeshes/Base_Walkway_Pillar_1.uasset" 749
"../../../Escort/Content/MapMeshes/ConcretePlatesDirty0039_1_S.uasset" 750
"../../../Escort/Content/MapMeshes/Textures/SegmentedLine.uasset" 751
"../../../Escort/Content/MapMeshes/DottedWhiteLine.uasset" 752
"../../../Escort/Content/MapMeshes/Floor.uasset" 753
"../../../Escort/Content/MapMeshes/Glass.uasset" 754
"../../../Escort/Content/MapMeshes/MetalStruts.uasset" 755
"../../../Escort/Content/MapMeshes/Roads_Base_Corner_In_Compact.uasset" 756
"../../../Escort/Content/MapMeshes/Roads_Gate.uasset" 757
"../../../Escort/Content/MapMeshes/Roads_Road_1.uasset" 758
"../../../Escort/Content/MapMeshes/Roads_Road_2.uasset" 759
"../../../Escort/Content/MapMeshes/Roads_Road_4.uasset" 760
"../../../Escort/Content/MapMeshes/Roads_Sidewalk_Center.uasset" 761
"../../../Escort/Content/MapMeshes/Textures/SolidLine.uasset" 762
"../../../Escort/Content/MapMeshes/SolidWhiteLine.uasset" 763
"../../../Escort/Content/MapMeshes/SolidYellowLine.uasset" 764
"../../../Escort/Content/MapMeshes/Textures/ThickLines.uasset" 765
"../../../Escort/Content/MapMeshes/ThickWhiteLines.uasset" 766
"../../../Escort/Content/Materials/LaserBounce.uasset" 767
"../../../Escort/Content/Materials/TerrainMaterial.uasset" 768
"../../../Escort/Content/Materials/LayerInfo/Dirt_LayerInfo.uasset" 769
"../../../Escort/Content/Materials/LayerInfo/Grass_LayerInfo.uasset" 770
"../../../Escort/Content/Materials/LayerInfo/Rock_LayerInfo.uasset" 771
"../../../Escort/Content/MergedActors/Base1.uasset" 772
"../../../Escort/Content/MergedActors/Base2.uasset" 773
"../../../Escort/Content/MergedActors/Base3.uasset" 774
"../../../Escort/Content/MergedActors/Building2.uasset" 775
"../../../Escort/Content/MergedActors/Building3.uasset" 776
"../../../Escort/Content/MergedActors/Building3Try3.uasset" 777
"../../../Escort/Content/MergedActors/Building1.uasset" 778
"../../../Escort/Content/MergedActors/Building4.uasset" 779
"../../../Escort/Content/MergedActors/ModernArt.uasset" 780
"../../../Escort/Content/Props/knife.uasset" 781
"../../../Escort/Content/StarterContent/Architecture/Pillar_50x500.uasset" 782
"../../../Escort/Content/StarterContent/Architecture/Wall_400x300.uasset" 783
"../../../Escort/Content/StarterContent/Architecture/Wall_400x400.uasset" 784
"../../../Escort/Content/StarterContent/Architecture/Wall_500x500.uasset" 785
"../../../Escort/Content/StarterContent/Architecture/Wall_Door_400x400.uasset" 786
"../../../Escort/Content/StarterContent/Architecture/Wall_Window_400x400.uasset" 787
"../../../Escort/Content/StarterContent/Audio/Light01.uasset" 788
"../../../Escort/Content/StarterContent/Audio/Light01_Cue.uasset" 789
"../../../Escort/Content/StarterContent/Audio/Light02.uasset" 790
"../../../Escort/Content/StarterContent/Audio/Light02_Cue.uasset" 791
"../../../Escort/Content/StarterContent/Materials/M_OpaqueGlass.uasset" 792
"../../../Escort/Content/StarterContent/Particles/TractorBeam.uasset" 793
"../../../Escort/Content/StarterContent/Props/SM_Couch.uasset" 794
"../../../Escort/Content/StarterContent/Textures/T_Door_M.uasset" 795
"../../../Escort/Content/StarterContent/Textures/T_Door_N.uasset" 796
"../../../Escort/Content/StarterContent/Props/Materials/M_Door.uasset" 797
"../../../Escort/Content/StarterContent/Props/SM_Door.uasset" 798
"../../../Escort/Content/StarterContent/Props/Materials/M_MaterialSphere.uasset" 799
"../../../Escort/Content/StarterContent/Props/Materials/M_MaterialSphere_Plain.uasset" 800
"../../../Escort/Content/StarterContent/Props/SM_MatPreviewMesh_02.uasset" 801
