"C:/Users/vincent/Documents/Escort/Escort/Escort.uproject" 1
"../../../Engine/Plugins/2D/Paper2D/Paper2D.uplugin" 2
"../../../Engine/Plugins/Blendables/LightPropagationVolume/LightPropagationVolume.uplugin" 3
"../../../Engine/Plugins/Developer/BlankPlugin/BlankPlugin.uplugin" 4
"../../../Engine/Plugins/Developer/CodeLiteSourceCodeAccess/CodeLiteSourceCodeAccess.uplugin" 5
"../../../Engine/Plugins/Developer/GitSourceControl/GitSourceControl.uplugin" 6
"../../../Engine/Plugins/Developer/KDevelopSourceCodeAccess/KDevelopSourceCodeAccess.uplugin" 7
"../../../Engine/Plugins/Developer/NullSourceCodeAccess/NullSourceCodeAccess.uplugin" 8
"../../../Engine/Plugins/Developer/OneSkyLocalizationService/OneSkyLocalizationService.uplugin" 9
"../../../Engine/Plugins/Developer/PerforceSourceControl/PerforceSourceControl.uplugin" 10
"../../../Engine/Plugins/Developer/SubversionSourceControl/SubversionSourceControl.uplugin" 11
"../../../Engine/Plugins/Developer/UObjectPlugin/UObjectPlugin.uplugin" 12
"../../../Engine/Plugins/Developer/VisualStudioSourceCodeAccess/VisualStudioSourceCodeAccess.uplugin" 13
"../../../Engine/Plugins/Developer/XCodeSourceCodeAccess/XCodeSourceCodeAccess.uplugin" 14
"../../../Engine/Plugins/Editor/EpicSurvey/EpicSurvey.uplugin" 15
"../../../Engine/Plugins/Editor/MacGraphicsSwitching/MacGraphicsSwitching.uplugin" 16
"../../../Engine/Plugins/Editor/PluginBrowser/PluginBrowser.uplugin" 17
"../../../Engine/Plugins/Editor/SpeedTreeImporter/SpeedTreeImporter.uplugin" 18
"../../../Engine/Plugins/Experimental/BlueprintStats/BlueprintStats.uplugin" 19
"../../../Engine/Plugins/Experimental/CharacterAI/CharacterAI.uplugin" 20
"../../../Engine/Plugins/Experimental/CodeEditor/CodeEditor.uplugin" 21
"../../../Engine/Plugins/Experimental/CodeView/CodeView.uplugin" 22
"../../../Engine/Plugins/Experimental/HTML5Networking/HTML5Networking.uplugin" 23
"../../../Engine/Plugins/Experimental/LiveEditor/LiveEditor.uplugin" 24
"../../../Engine/Plugins/Experimental/Phya/Phya.uplugin" 25
"../../../Engine/Plugins/Experimental/SimpleHMD/SimpleHMD.uplugin" 26
"../../../Engine/Plugins/Experimental/StructBox/StructBox.uplugin" 27
"../../../Engine/Plugins/Media/AndroidMedia/AndroidMedia.uplugin" 28
"../../../Engine/Plugins/Media/AvfMedia/AvfMedia.uplugin" 29
"../../../Engine/Plugins/Media/MediaPlayerEditor/MediaPlayerEditor.uplugin" 30
"../../../Engine/Plugins/Media/WmfMedia/WmfMedia.uplugin" 31
"../../../Engine/Plugins/Messaging/MessagingDebugger/MessagingDebugger.uplugin" 32
"../../../Engine/Plugins/Messaging/UdpMessaging/UdpMessaging.uplugin" 33
"../../../Engine/Plugins/MovieScene/LevelSequenceEditor/LevelSequenceEditor.uplugin" 34
"../../../Engine/Plugins/NetcodeUnitTest/NetcodeUnitTest/NetcodeUnitTest.uplugin" 35
"../../../Engine/Plugins/NetcodeUnitTest/NUTUnrealEngine4/NUTUnrealEngine4.uplugin" 36
"../../../Engine/Plugins/Runtime/Advertising/IOSTapJoy/IOSTapJoy.uplugin" 37
"../../../Engine/Plugins/Runtime/Analytics/AnalyticsBlueprintLibrary/AnalyticsBlueprintLibrary.uplugin" 38
"../../../Engine/Plugins/Runtime/Analytics/AnalyticsMulticast/AnalyticsMulticast.uplugin" 39
"../../../Engine/Plugins/Runtime/Analytics/Apsalar/IOSApsalar/IOSApsalar.uplugin" 40
"../../../Engine/Plugins/Runtime/Analytics/FileLogging/FileLogging.uplugin" 41
"../../../Engine/Plugins/Runtime/Analytics/Flurry/IOSFlurry/IOSFlurry.uplugin" 42
"../../../Engine/Plugins/Runtime/AndroidDeviceProfileSelector/AndroidDeviceProfileSelector.uplugin" 43
"../../../Engine/Plugins/Runtime/AndroidMoviePlayer/AndroidMoviePlayer.uplugin" 44
"../../../Engine/Plugins/Runtime/AppleMoviePlayer/AppleMoviePlayer.uplugin" 45
"../../../Engine/Plugins/Runtime/ArchVisCharacter/ArchVisCharacter.uplugin" 46
"../../../Engine/Plugins/Runtime/CableComponent/CableComponent.uplugin" 47
"../../../Engine/Plugins/Runtime/CustomMeshComponent/CustomMeshComponent.uplugin" 48
"../../../Engine/Plugins/Runtime/ExampleDeviceProfileSelector/ExampleDeviceProfileSelector.uplugin" 49
"../../../Engine/Plugins/Runtime/GearVR/GearVR.uplugin" 50
"../../../Engine/Plugins/Runtime/IOSDeviceProfileSelector/IOSDeviceProfileSelector.uplugin" 51
"../../../Engine/Plugins/Runtime/LeapMotionController/LeapMotionController.uplugin" 52
"../../../Engine/Plugins/Runtime/LinuxDeviceProfileSelector/LinuxDeviceProfileSelector.uplugin" 53
"../../../Engine/Plugins/Runtime/LiveEditorListenServer/LiveEditorListenServer.uplugin" 54
"../../../Engine/Plugins/Runtime/OculusAudio/OculusAudio.uplugin" 55
"../../../Engine/Plugins/Runtime/OculusInput/OculusInput.uplugin" 56
"../../../Engine/Plugins/Runtime/OculusLibrary/OculusLibrary.uplugin" 57
"../../../Engine/Plugins/Runtime/OculusRift/OculusRift.uplugin" 58
"../../../Engine/Plugins/Runtime/ProceduralMeshComponent/ProceduralMeshComponent.uplugin" 59
"../../../Engine/Plugins/Runtime/SoundMod/SoundMod.uplugin" 60
"../../../Engine/Plugins/Runtime/SoundVisualizations/SoundVisualizations.uplugin" 61
"../../../Engine/Plugins/Runtime/Steam/SteamController/SteamController.uplugin" 62
"../../../Engine/Plugins/Runtime/Steam/SteamVR/SteamVR.uplugin" 63
"../../../Engine/Plugins/Runtime/WebBrowserWidget/WebBrowserWidget.uplugin" 64
"../../../Engine/Plugins/Runtime/WindowsDeviceProfileSelector/WindowsDeviceProfileSelector.uplugin" 65
"../../../Engine/Plugins/Runtime/WindowsMoviePlayer/WindowsMoviePlayer.uplugin" 66
"../../../Engine/Plugins/ScriptGeneratorPlugin/ScriptGeneratorPlugin.uplugin" 67
"../../../Engine/Plugins/ScriptPlugin/ScriptPlugin.uplugin" 68
"../../../Engine/Plugins/Slate/SlateRemote/SlateRemote.uplugin" 69
"..\..\..\Engine\Content\Internationalization\icudt53l\cnvalias.icu" 70
"..\..\..\Engine\Content\Internationalization\icudt53l\en_US_POSIX.res" 71
"..\..\..\Engine\Content\Internationalization\icudt53l\pool.res" 72
"..\..\..\Engine\Content\Internationalization\icudt53l\en_US.res" 73
"..\..\..\Engine\Content\Internationalization\icudt53l\en.res" 74
"..\..\..\Engine\Content\Internationalization\icudt53l\root.res" 75
"C:/Users/vincent/AppData/Local/UnrealEngine/4.10/Saved/Config/Windows/Manifest.ini" 76
"../../../Engine/Config/Base.ini" 77
"../../../Engine/Config/BaseEngine.ini" 78
"C:/Users/vincent/Documents/Escort/Escort/Config/DefaultEngine.ini" 79
"../../../Engine/Config/Windows/WindowsEngine.ini" 80
"C:/Users/vincent/Documents/Escort/Escort/Saved/Config/Windows/Engine.ini" 81
"../../../../../../Users/vincent/Documents/Escort/Escort/Intermediate/Config/CoalescedSourceConfigs/Engine.ini" 82
"../../../Engine/Config/BaseGame.ini" 83
"C:/Users/vincent/Documents/Escort/Escort/Config/DefaultGame.ini" 84
"C:/Users/vincent/Documents/Escort/Escort/Saved/Config/Windows/Game.ini" 85
"../../../../../../Users/vincent/Documents/Escort/Escort/Intermediate/Config/CoalescedSourceConfigs/Game.ini" 86
"../../../Engine/Config/BaseInput.ini" 87
"C:/Users/vincent/Documents/Escort/Escort/Config/DefaultInput.ini" 88
"C:/Users/vincent/Documents/Escort/Escort/Saved/Config/Windows/Input.ini" 89
"../../../../../../Users/vincent/Documents/Escort/Escort/Intermediate/Config/CoalescedSourceConfigs/Input.ini" 90
"../../../Engine/Config/BaseEditor.ini" 91
"C:/Users/vincent/Documents/Escort/Escort/Config/DefaultEditor.ini" 92
"C:/Users/vincent/Documents/Escort/Escort/Saved/Config/Windows/Editor.ini" 93
"../../../../../../Users/vincent/Documents/Escort/Escort/Intermediate/Config/CoalescedSourceConfigs/Editor.ini" 94
"../../../Engine/Config/BaseEditorPerProjectUserSettings.ini" 95
"C:/Users/vincent/Documents/Escort/Escort/Saved/Config/Windows/EditorPerProjectUserSettings.ini" 96
"../../../../../../Users/vincent/Documents/Escort/Escort/Intermediate/Config/CoalescedSourceConfigs/EditorPerProjectUserSettings.ini" 97
"../../../Engine/Config/BaseEditorSettings.ini" 98
"C:/Users/vincent/AppData/Local/UnrealEngine/4.10/Saved/Config/Windows/EditorSettings.ini" 99
"../../../../../../Users/vincent/Documents/Escort/Escort/Intermediate/Config/CoalescedSourceConfigs/EditorSettings.ini" 100
"../../../Engine/Config/BaseEditorLayout.ini" 101
"C:/Users/vincent/AppData/Local/UnrealEngine/4.10/Saved/Config/Windows/EditorLayout.ini" 102
"../../../../../../Users/vincent/Documents/Escort/Escort/Intermediate/Config/CoalescedSourceConfigs/EditorLayout.ini" 103
"../../../Engine/Config/BaseEditorKeyBindings.ini" 104
"C:/Users/vincent/AppData/Local/UnrealEngine/4.10/Saved/Config/Windows/EditorKeyBindings.ini" 105
"../../../../../../Users/vincent/Documents/Escort/Escort/Intermediate/Config/CoalescedSourceConfigs/EditorKeyBindings.ini" 106
"../../../Engine/Config/BaseCompat.ini" 107
"C:/Users/vincent/Documents/Escort/Escort/Saved/Config/Windows/Compat.ini" 108
"../../../../../../Users/vincent/Documents/Escort/Escort/Intermediate/Config/CoalescedSourceConfigs/Compat.ini" 109
"../../../Engine/Config/BaseLightmass.ini" 110
"C:/Users/vincent/Documents/Escort/Escort/Saved/Config/Windows/Lightmass.ini" 111
"../../../../../../Users/vincent/Documents/Escort/Escort/Intermediate/Config/CoalescedSourceConfigs/Lightmass.ini" 112
"../../../Engine/Config/BaseScalability.ini" 113
"C:/Users/vincent/Documents/Escort/Escort/Saved/Config/Windows/Scalability.ini" 114
"../../../../../../Users/vincent/Documents/Escort/Escort/Intermediate/Config/CoalescedSourceConfigs/Scalability.ini" 115
"C:/Users/vincent/Documents/Escort/Escort/Saved/Config/Windows/GameUserSettings.ini" 116
"../../../../../../Users/vincent/Documents/Escort/Escort/Intermediate/Config/CoalescedSourceConfigs/GameUserSettings.ini" 117
"../../../Engine/Config/BaseDeviceProfiles.ini" 118
"C:/Users/vincent/Documents/Escort/Escort/Saved/Config/Windows/DeviceProfiles.ini" 119
"../../../../../../Users/vincent/Documents/Escort/Escort/Intermediate/Config/CoalescedSourceConfigs/DeviceProfiles.ini" 120
"../../../Engine/Config/ConsoleVariables.ini" 121
"..\..\..\Engine\Content\Internationalization\icudt53l\es.res" 122
"..\..\..\Engine\Content\Internationalization\icudt53l\ja.res" 123
"..\..\..\Engine\Content\Internationalization\icudt53l\ko.res" 124
"..\..\..\Engine\Content\Internationalization\icudt53l\pt_BR.res" 125
"..\..\..\Engine\Content\Internationalization\icudt53l\pt.res" 126
"..\..\..\Engine\Content\Internationalization\icudt53l\zh_CN.res" 127
"..\..\..\Engine\Content\Internationalization\icudt53l\zh_Hans_CN.res" 128
"..\..\..\Engine\Content\Internationalization\icudt53l\zh_Hans.res" 129
"..\..\..\Engine\Content\Internationalization\icudt53l\zh.res" 130
"C:/Program Files/Epic Games/4.10/Engine/Content/Localization/Editor/en/Editor.locres" 131
"C:/Program Files/Epic Games/4.10/Engine/Content/Localization/EditorTutorials/en/EditorTutorials.locres" 132
"C:/Program Files/Epic Games/4.10/Engine/Content/Localization/Keywords/en/Keywords.locres" 133
"C:/Program Files/Epic Games/4.10/Engine/Content/Localization/Category/en/Category.locres" 134
"C:/Program Files/Epic Games/4.10/Engine/Content/Localization/ToolTips/en/ToolTips.locres" 135
"C:/Program Files/Epic Games/4.10/Engine/Content/Localization/PropertyNames/en/PropertyNames.locres" 136
"C:/Program Files/Epic Games/4.10/Engine/Content/Localization/Engine/en/Engine.locres" 137
"../../../Engine/Content/Slate/Fonts/Roboto-Regular.ttf" 138
"../../../Engine/Content/Slate/Fonts/DroidSansMono.ttf" 139
"../../../Engine/Content/Slate/Fonts/Roboto-Bold.ttf" 140
"../../../Engine/Content/Slate/Fonts/Roboto-Light.ttf" 141
"C:/Program Files/Epic Games/4.10/Engine/Binaries/Win64/../../../Engine/Shaders/ParticleSpriteVertexFactory.usf" 142
"C:/Program Files/Epic Games/4.10/Engine/Binaries/Win64/../../../Engine/Shaders/VertexFactoryCommon.usf" 143
"C:/Program Files/Epic Games/4.10/Engine/Binaries/Win64/../../../Engine/Shaders/Common.usf" 144
"C:/Program Files/Epic Games/4.10/Engine/Binaries/Win64/../../../Engine/Shaders/MetalCommon.usf" 145
"C:/Program Files/Epic Games/4.10/Engine/Binaries/Win64/../../../Engine/Shaders/ShaderVersion.usf" 146
"C:/Program Files/Epic Games/4.10/Engine/Binaries/Win64/../../../Engine/Shaders/CommonViewUniformBuffer.usf" 147
"C:/Program Files/Epic Games/4.10/Engine/Binaries/Win64/../../../Engine/Shaders/Definitions.usf" 148
"C:/Program Files/Epic Games/4.10/Engine/Binaries/Win64/../../../Engine/Shaders/Random.usf" 149
"C:/Program Files/Epic Games/4.10/Engine/Binaries/Win64/../../../Engine/Shaders/ParticleVertexFactoryCommon.usf" 150
"C:/Program Files/Epic Games/4.10/Engine/Binaries/Win64/../../../Engine/Shaders/ParticleGPUSpriteVertexFactory.usf" 151
"C:/Program Files/Epic Games/4.10/Engine/Binaries/Win64/../../../Engine/Shaders/ParticleBeamTrailVertexFactory.usf" 152
"C:/Program Files/Epic Games/4.10/Engine/Binaries/Win64/../../../Engine/Shaders/LocalVertexFactory.usf" 153
"C:/Program Files/Epic Games/4.10/Engine/Binaries/Win64/../../../Engine/Shaders/LocalVertexFactoryCommon.usf" 154
"C:/Program Files/Epic Games/4.10/Engine/Binaries/Win64/../../../Engine/Shaders/VectorFieldVisualizationVertexFactory.usf" 155
"C:/Program Files/Epic Games/4.10/Engine/Binaries/Win64/../../../Engine/Shaders/MeshParticleVertexFactory.usf" 156
"C:/Program Files/Epic Games/4.10/Engine/Binaries/Win64/../../../Engine/Shaders/GpuSkinVertexFactory.usf" 157
"C:/Program Files/Epic Games/4.10/Engine/Binaries/Win64/../../../Engine/Shaders/GpuSkinCacheCommon.usf" 158
"C:/Program Files/Epic Games/4.10/Engine/Binaries/Win64/../../../Engine/Shaders/LandscapeVertexFactory.usf" 159
"C:/Program Files/Epic Games/4.10/Engine/Binaries/Win64/../../../Engine/Shaders/SlateElementPixelShader.usf" 160
"C:/Program Files/Epic Games/4.10/Engine/Binaries/Win64/../../../Engine/Shaders/GammaCorrectionCommon.usf" 161
"C:/Program Files/Epic Games/4.10/Engine/Binaries/Win64/../../../Engine/Shaders/MaterialTemplate.usf" 162
"C:/Program Files/Epic Games/4.10/Engine/Binaries/Win64/../../../Engine/Shaders/DepthOfFieldCommon.usf" 163
"C:/Program Files/Epic Games/4.10/Engine/Binaries/Win64/../../../Engine/Shaders/GlobalDistanceFieldShared.usf" 164
"C:/Program Files/Epic Games/4.10/Engine/Binaries/Win64/../../../Engine/Shaders/SpeedTreeCommon.usf" 165
"C:/Program Files/Epic Games/4.10/Engine/Binaries/Win64/../../../Engine/Shaders/AtmosphereCommon.usf" 166
"C:/Program Files/Epic Games/4.10/Engine/Binaries/Win64/../../../Engine/Shaders/PaniniProjection.usf" 167
"C:/Program Files/Epic Games/4.10/Engine/Binaries/Win64/../../../Engine/Shaders/EyeAdaptationCommon.usf" 168
"C:/Program Files/Epic Games/4.10/Engine/Binaries/Win64/../../../Engine/Shaders/PostProcessCommon.usf" 169
"C:/Program Files/Epic Games/4.10/Engine/Binaries/Win64/../../../Engine/Shaders/DeferredShadingCommon.usf" 170
"C:/Program Files/Epic Games/4.10/Engine/Binaries/Win64/../../../Engine/Shaders/LightAccumulator.usf" 171
"C:/Program Files/Epic Games/4.10/Engine/Binaries/Win64/../../../Engine/Shaders/SlateVertexShader.usf" 172
"C:/Program Files/Epic Games/4.10/Engine/Binaries/Win64/../../../Engine/Shaders/ParticleSortKeyGen.usf" 173
"C:/Program Files/Epic Games/4.10/Engine/Binaries/Win64/../../../Engine/Shaders/ParticleBoundsShader.usf" 174
"C:/Program Files/Epic Games/4.10/Engine/Binaries/Win64/../../../Engine/Shaders/ParticleSimVisualizeShader.usf" 175
"C:/Program Files/Epic Games/4.10/Engine/Binaries/Win64/../../../Engine/Shaders/ParticleInjectionShader.usf" 176
"C:/Program Files/Epic Games/4.10/Engine/Binaries/Win64/../../../Engine/Shaders/ParticleSimulationShader.usf" 177
"C:/Program Files/Epic Games/4.10/Engine/Binaries/Win64/../../../Engine/Shaders/ParticleCurveInjectionShader.usf" 178
"C:/Program Files/Epic Games/4.10/Engine/Binaries/Win64/../../../Engine/Shaders/VectorFieldCompositeShaders.usf" 179
"C:/Program Files/Epic Games/4.10/Engine/Binaries/Win64/../../../Engine/Shaders/UpdateTextureShaders.usf" 180
"C:/Program Files/Epic Games/4.10/Engine/Binaries/Win64/../../../Engine/Shaders/SimpleElementColorChannelMaskPixelShader.usf" 181
"C:/Program Files/Epic Games/4.10/Engine/Binaries/Win64/../../../Engine/Shaders/SimpleElementPixelShader.usf" 182
"C:/Program Files/Epic Games/4.10/Engine/Binaries/Win64/../../../Engine/Shaders/ColorUtils.usf" 183
"C:/Program Files/Epic Games/4.10/Engine/Binaries/Win64/../../../Engine/Shaders/IESLightProfilesCommon.usf" 184
"C:/Program Files/Epic Games/4.10/Engine/Binaries/Win64/../../../Engine/Shaders/SimpleElementHitProxyPixelShader.usf" 185
"C:/Program Files/Epic Games/4.10/Engine/Binaries/Win64/../../../Engine/Shaders/SimpleElementVertexShader.usf" 186
"C:/Program Files/Epic Games/4.10/Engine/Binaries/Win64/../../../Engine/Shaders/ScreenVertexShader.usf" 187
"C:/Program Files/Epic Games/4.10/Engine/Binaries/Win64/../../../Engine/Shaders/ScreenPixelShader.usf" 188
"C:/Program Files/Epic Games/4.10/Engine/Binaries/Win64/../../../Engine/Shaders/RadixSortShaders.usf" 189
"C:/Program Files/Epic Games/4.10/Engine/Binaries/Win64/../../../Engine/Shaders/GpuSkinCacheComputeShader.usf" 190
"C:/Program Files/Epic Games/4.10/Engine/Binaries/Win64/../../../Engine/Shaders/NullPixelShader.usf" 191
"C:/Program Files/Epic Games/4.10/Engine/Binaries/Win64/../../../Engine/Shaders/LandscapeGrassWeight.usf" 192
"C:/Program Files/Epic Games/4.10/Engine/Binaries/Win64/../../../Engine/Shaders/VisualizeTexture.usf" 193
"C:/Program Files/Epic Games/4.10/Engine/Binaries/Win64/../../../Engine/Shaders/ScreenSpaceReflections.usf" 194
"C:/Program Files/Epic Games/4.10/Engine/Binaries/Win64/../../../Engine/Shaders/BRDF.usf" 195
"C:/Program Files/Epic Games/4.10/Engine/Binaries/Win64/../../../Engine/Shaders/MonteCarlo.usf" 196
"C:/Program Files/Epic Games/4.10/Engine/Binaries/Win64/../../../Engine/Shaders/ScreenSpaceRayCast.usf" 197
"C:/Program Files/Epic Games/4.10/Engine/Binaries/Win64/../../../Engine/Shaders/FilterVertexShader.usf" 198
"C:/Program Files/Epic Games/4.10/Engine/Binaries/Win64/../../../Engine/Shaders/FilterPixelShader.usf" 199
"C:/Program Files/Epic Games/4.10/Engine/Binaries/Win64/../../../Engine/Shaders/PostProcessVisualizeHDR.usf" 200
"C:/Program Files/Epic Games/4.10/Engine/Binaries/Win64/../../../Engine/Shaders/PostProcessHistogramCommon.usf" 201
"C:/Program Files/Epic Games/4.10/Engine/Binaries/Win64/../../../Engine/Shaders/TonemapCommon.usf" 202
"C:/Program Files/Epic Games/4.10/Engine/Binaries/Win64/../../../Engine/Shaders/ACES.usf" 203
"C:/Program Files/Epic Games/4.10/Engine/Binaries/Win64/../../../Engine/Shaders/MiniFontCommon.usf" 204
"C:/Program Files/Epic Games/4.10/Engine/Binaries/Win64/../../../Engine/Shaders/PostProcessVisualizeBuffer.usf" 205
"C:/Program Files/Epic Games/4.10/Engine/Binaries/Win64/../../../Engine/Shaders/PostProcessUpscale.usf" 206
"C:/Program Files/Epic Games/4.10/Engine/Binaries/Win64/../../../Engine/Shaders/PostProcessTonemap.usf" 207
"C:/Program Files/Epic Games/4.10/Engine/Binaries/Win64/../../../Engine/Shaders/PostProcessTestImage.usf" 208
"C:/Program Files/Epic Games/4.10/Engine/Binaries/Win64/../../../Engine/Shaders/PostProcessTemporalAA.usf" 209
"C:/Program Files/Epic Games/4.10/Engine/Binaries/Win64/../../../Engine/Shaders/PostProcessTemporalCommon.usf" 210
"C:/Program Files/Epic Games/4.10/Engine/Binaries/Win64/../../../Engine/Shaders/PostProcessSubsurface.usf" 211
"C:/Program Files/Epic Games/4.10/Engine/Binaries/Win64/../../../Engine/Shaders/SeparableSSS.usf" 212
"C:/Program Files/Epic Games/4.10/Engine/Binaries/Win64/../../../Engine/Shaders/PostProcessSelectionOutline.usf" 213
"C:/Program Files/Epic Games/4.10/Engine/Binaries/Win64/../../../Engine/Shaders/PostProcessSceneColorFringe.usf" 214
"C:/Program Files/Epic Games/4.10/Engine/Binaries/Win64/../../../Engine/Shaders/PostProcessNoiseBlur.usf" 215
"C:/Program Files/Epic Games/4.10/Engine/Binaries/Win64/../../../Engine/Shaders/PostProcessMotionBlur.usf" 216
"C:/Program Files/Epic Games/4.10/Engine/Binaries/Win64/../../../Engine/Shaders/FastMath.usf" 217
"C:/Program Files/Epic Games/4.10/Engine/Binaries/Win64/../../../Engine/Shaders/PostProcessVelocityFlatten.usf" 218
"C:/Program Files/Epic Games/4.10/Engine/Binaries/Win64/../../../Engine/Shaders/PostProcessMobile.usf" 219
"C:/Program Files/Epic Games/4.10/Engine/Binaries/Win64/../../../Engine/Shaders/PostProcessMaterialShaders.usf" 220
"C:/Program Files/Epic Games/4.10/Engine/Binaries/Win64/../../../Engine/Shaders/PostProcessLensFlares.usf" 221
"C:/Program Files/Epic Games/4.10/Engine/Binaries/Win64/../../../Engine/Shaders/PostProcessLensBlur.usf" 222
"C:/Program Files/Epic Games/4.10/Engine/Binaries/Win64/../../../Engine/Shaders/PostProcessBloom.usf" 223
"C:/Program Files/Epic Games/4.10/Engine/Binaries/Win64/../../../Engine/Shaders/PostProcessHMD.usf" 224
"C:/Program Files/Epic Games/4.10/Engine/Binaries/Win64/../../../Engine/Shaders/PostProcessHistogramReduce.usf" 225
"C:/Program Files/Epic Games/4.10/Engine/Binaries/Win64/../../../Engine/Shaders/PostProcessHistogram.usf" 226
"C:/Program Files/Epic Games/4.10/Engine/Binaries/Win64/../../../Engine/Shaders/PostProcessHierarchical.usf" 227
"C:/Program Files/Epic Games/4.10/Engine/Binaries/Win64/../../../Engine/Shaders/PostProcessGBufferHints.usf" 228
"C:/Program Files/Epic Games/4.10/Engine/Binaries/Win64/../../../Engine/Shaders/PostProcessEyeAdaptation.usf" 229
"C:/Program Files/Epic Games/4.10/Engine/Binaries/Win64/../../../Engine/Shaders/PostProcessDownsample.usf" 230
"C:/Program Files/Epic Games/4.10/Engine/Binaries/Win64/../../../Engine/Shaders/PostProcessDOF.usf" 231
"C:/Program Files/Epic Games/4.10/Engine/Binaries/Win64/../../../Engine/Shaders/PostProcessCompositeEditorPrimitives.usf" 232
"C:/Program Files/Epic Games/4.10/Engine/Binaries/Win64/../../../Engine/Shaders/PostProcessCombineLUTs.usf" 233
"C:/Program Files/Epic Games/4.10/Engine/Binaries/Win64/../../../Engine/Shaders/PostProcessCircleDOF.usf" 234
"C:/Program Files/Epic Games/4.10/Engine/Binaries/Win64/../../../Engine/Shaders/CircleDOFCommon.usf" 235
"C:/Program Files/Epic Games/4.10/Engine/Binaries/Win64/../../../Engine/Shaders/PostProcessBusyWait.usf" 236
"C:/Program Files/Epic Games/4.10/Engine/Binaries/Win64/../../../Engine/Shaders/PostProcessBokehDOF.usf" 237
"C:/Program Files/Epic Games/4.10/Engine/Binaries/Win64/../../../Engine/Shaders/PostProcessVisualizeDOF.usf" 238
"C:/Program Files/Epic Games/4.10/Engine/Binaries/Win64/../../../Engine/Shaders/FXAAShader.usf" 239
"C:/Program Files/Epic Games/4.10/Engine/Binaries/Win64/../../../Engine/Shaders/Fxaa3_11.usf" 240
"C:/Program Files/Epic Games/4.10/Engine/Binaries/Win64/../../../Engine/Shaders/PostProcessPassThrough.usf" 241
"C:/Program Files/Epic Games/4.10/Engine/Binaries/Win64/../../../Engine/Shaders/PostProcessLpvIndirect.usf" 242
"C:/Program Files/Epic Games/4.10/Engine/Binaries/Win64/../../../Engine/Shaders/DeferredLightingCommon.usf" 243
"C:/Program Files/Epic Games/4.10/Engine/Binaries/Win64/../../../Engine/Shaders/DynamicLightingCommon.usf" 244
"C:/Program Files/Epic Games/4.10/Engine/Binaries/Win64/../../../Engine/Shaders/ShadingModels.usf" 245
"C:/Program Files/Epic Games/4.10/Engine/Binaries/Win64/../../../Engine/Shaders/LPVFinalPass.usf" 246
"C:/Program Files/Epic Games/4.10/Engine/Binaries/Win64/../../../Engine/Shaders/LPVCommon.usf" 247
"C:/Program Files/Epic Games/4.10/Engine/Binaries/Win64/../../../Engine/Shaders/DeferredDecal.usf" 248
"C:/Program Files/Epic Games/4.10/Engine/Binaries/Win64/../../../Engine/Shaders/PostProcessAmbientOcclusion.usf" 249
"C:/Program Files/Epic Games/4.10/Engine/Binaries/Win64/../../../Engine/Shaders/PostProcessAmbient.usf" 250
"C:/Program Files/Epic Games/4.10/Engine/Binaries/Win64/../../../Engine/Shaders/CubemapCommon.usf" 251
"C:/Program Files/Epic Games/4.10/Engine/Binaries/Win64/../../../Engine/Shaders/VelocityShader.usf" 252
"C:/Program Files/Epic Games/4.10/Engine/Binaries/Win64/../../../Engine/Shaders/VelocityCommon.usf" 253
"C:/Program Files/Epic Games/4.10/Engine/Binaries/Win64/../../../Engine/Shaders/Tessellation.usf" 254
"C:/Program Files/Epic Games/4.10/Engine/Binaries/Win64/../../../Engine/Shaders/FlatTessellation.usf" 255
"C:/Program Files/Epic Games/4.10/Engine/Binaries/Win64/../../../Engine/Shaders/PNTriangles.usf" 256
"C:/Program Files/Epic Games/4.10/Engine/Binaries/Win64/../../../Engine/Shaders/TranslucentLightingShaders.usf" 257
"C:/Program Files/Epic Games/4.10/Engine/Binaries/Win64/../../../Engine/Shaders/SHCommon.usf" 258
"C:/Program Files/Epic Games/4.10/Engine/Binaries/Win64/../../../Engine/Shaders/ShadowProjectionCommon.usf" 259
"C:/Program Files/Epic Games/4.10/Engine/Binaries/Win64/../../../Engine/Shaders/TranslucentLightInjectionShaders.usf" 260
"C:/Program Files/Epic Games/4.10/Engine/Binaries/Win64/../../../Engine/Shaders/LightFunctionCommon.usf" 261
"C:/Program Files/Epic Games/4.10/Engine/Binaries/Win64/../../../Engine/Shaders/TranslucentShadowDepthShaders.usf" 262
"C:/Program Files/Epic Games/4.10/Engine/Binaries/Win64/../../../Engine/Shaders/ShadowDepthCommon.usf" 263
"C:/Program Files/Epic Games/4.10/Engine/Binaries/Win64/../../../Engine/Shaders/TiledDeferredLightShaders.usf" 264
"C:/Program Files/Epic Games/4.10/Engine/Binaries/Win64/../../../Engine/Shaders/SurfelTree.usf" 265
"C:/Program Files/Epic Games/4.10/Engine/Binaries/Win64/../../../Engine/Shaders/DistanceFieldLightingShared.usf" 266
"C:/Program Files/Epic Games/4.10/Engine/Binaries/Win64/../../../Engine/Shaders/SurfelMaterialShared.usf" 267
"C:/Program Files/Epic Games/4.10/Engine/Binaries/Win64/../../../Engine/Shaders/DistanceFieldAOShared.usf" 268
"C:/Program Files/Epic Games/4.10/Engine/Binaries/Win64/../../../Engine/Shaders/ShadowProjectionPixelShader.usf" 269
"C:/Program Files/Epic Games/4.10/Engine/Binaries/Win64/../../../Engine/Shaders/ShadowFilteringCommon.usf" 270
"C:/Program Files/Epic Games/4.10/Engine/Binaries/Win64/../../../Engine/Shaders/ShadowProjectionVertexShader.usf" 271
"C:/Program Files/Epic Games/4.10/Engine/Binaries/Win64/../../../Engine/Shaders/ShadowDepthPixelShader.usf" 272
"C:/Program Files/Epic Games/4.10/Engine/Binaries/Win64/../../../Engine/Shaders/LPVWriteVplCommon.usf" 273
"C:/Program Files/Epic Games/4.10/Engine/Binaries/Win64/../../../Engine/Shaders/LPVWriteCommon.usf" 274
"C:/Program Files/Epic Games/4.10/Engine/Binaries/Win64/../../../Engine/Shaders/ShadowDepthVertexShader.usf" 275
"C:/Program Files/Epic Games/4.10/Engine/Binaries/Win64/../../../Engine/Shaders/ShaderComplexityApplyPixelShader.usf" 276
"C:/Program Files/Epic Games/4.10/Engine/Binaries/Win64/../../../Engine/Shaders/ShaderComplexityApplyVertexShader.usf" 277
"C:/Program Files/Epic Games/4.10/Engine/Binaries/Win64/../../../Engine/Shaders/ShaderComplexityAccumulatePixelShader.usf" 278
"C:/Program Files/Epic Games/4.10/Engine/Binaries/Win64/../../../Engine/Shaders/HZBOcclusion.usf" 279
"C:/Program Files/Epic Games/4.10/Engine/Binaries/Win64/../../../Engine/Shaders/OcclusionQueryVertexShader.usf" 280
"C:/Program Files/Epic Games/4.10/Engine/Binaries/Win64/../../../Engine/Shaders/HitProxyPixelShader.usf" 281
"C:/Program Files/Epic Games/4.10/Engine/Binaries/Win64/../../../Engine/Shaders/HitProxyVertexShader.usf" 282
"C:/Program Files/Epic Games/4.10/Engine/Binaries/Win64/../../../Engine/Shaders/ReflectionEnvironmentShaders.usf" 283
"C:/Program Files/Epic Games/4.10/Engine/Binaries/Win64/../../../Engine/Shaders/ReflectionEnvironmentShared.usf" 284
"C:/Program Files/Epic Games/4.10/Engine/Binaries/Win64/../../../Engine/Shaders/SkyLightingShared.usf" 285
"C:/Program Files/Epic Games/4.10/Engine/Binaries/Win64/../../../Engine/Shaders/ReflectionEnvironmentComputeShaders.usf" 286
"C:/Program Files/Epic Games/4.10/Engine/Binaries/Win64/../../../Engine/Shaders/LightShaftShader.usf" 287
"C:/Program Files/Epic Games/4.10/Engine/Binaries/Win64/../../../Engine/Shaders/StationaryLightOverlapShaders.usf" 288
"C:/Program Files/Epic Games/4.10/Engine/Binaries/Win64/../../../Engine/Shaders/DeferredLightPixelShaders.usf" 289
"C:/Program Files/Epic Games/4.10/Engine/Binaries/Win64/../../../Engine/Shaders/DeferredLightVertexShaders.usf" 290
"C:/Program Files/Epic Games/4.10/Engine/Binaries/Win64/../../../Engine/Shaders/LPVVisualise.usf" 291
"C:/Program Files/Epic Games/4.10/Engine/Binaries/Win64/../../../Engine/Shaders/LPVGeometryVolumeCommon.usf" 292
"C:/Program Files/Epic Games/4.10/Engine/Binaries/Win64/../../../Engine/Shaders/LPVDirectLightInject.usf" 293
"C:/Program Files/Epic Games/4.10/Engine/Binaries/Win64/../../../Engine/Shaders/LPVPropagate.usf" 294
"C:/Program Files/Epic Games/4.10/Engine/Binaries/Win64/../../../Engine/Shaders/LPVPacking.usf" 295
"C:/Program Files/Epic Games/4.10/Engine/Binaries/Win64/../../../Engine/Shaders/LPVBuildGeometryVolume.usf" 296
"C:/Program Files/Epic Games/4.10/Engine/Binaries/Win64/../../../Engine/Shaders/LpvDirectionalOcclusion.usf" 297
"C:/Program Files/Epic Games/4.10/Engine/Binaries/Win64/../../../Engine/Shaders/LPVInject_AccumulateVplLists.usf" 298
"C:/Program Files/Epic Games/4.10/Engine/Binaries/Win64/../../../Engine/Shaders/LPVInject_GenerateVplLists.usf" 299
"C:/Program Files/Epic Games/4.10/Engine/Binaries/Win64/../../../Engine/Shaders/LPVClearLists.usf" 300
"C:/Program Files/Epic Games/4.10/Engine/Binaries/Win64/../../../Engine/Shaders/LPVClear.usf" 301
"C:/Program Files/Epic Games/4.10/Engine/Binaries/Win64/../../../Engine/Shaders/LightMapDensityShader.usf" 302
"C:/Program Files/Epic Games/4.10/Engine/Binaries/Win64/../../../Engine/Shaders/LightFunctionPixelShader.usf" 303
"C:/Program Files/Epic Games/4.10/Engine/Binaries/Win64/../../../Engine/Shaders/LightFunctionVertexShader.usf" 304
"C:/Program Files/Epic Games/4.10/Engine/Binaries/Win64/../../../Engine/Shaders/HeightfieldLighting.usf" 305
"C:/Program Files/Epic Games/4.10/Engine/Binaries/Win64/../../../Engine/Shaders/DistanceFieldShadowingShared.usf" 306
"C:/Program Files/Epic Games/4.10/Engine/Binaries/Win64/../../../Engine/Shaders/HdrCustomResolveShaders.usf" 307
"C:/Program Files/Epic Games/4.10/Engine/Binaries/Win64/../../../Engine/Shaders/GPUBenchmark.usf" 308
"C:/Program Files/Epic Games/4.10/Engine/Binaries/Win64/../../../Engine/Shaders/GlobalDistanceField.usf" 309
"C:/Program Files/Epic Games/4.10/Engine/Binaries/Win64/../../../Engine/Shaders/GammaCorrection.usf" 310
"C:/Program Files/Epic Games/4.10/Engine/Binaries/Win64/../../../Engine/Shaders/BasePassForForwardShadingPixelShader.usf" 311
"C:/Program Files/Epic Games/4.10/Engine/Binaries/Win64/../../../Engine/Shaders/BasePassForForwardShadingCommon.usf" 312
"C:/Program Files/Epic Games/4.10/Engine/Binaries/Win64/../../../Engine/Shaders/LightmapCommon.usf" 313
"C:/Program Files/Epic Games/4.10/Engine/Binaries/Win64/../../../Engine/Shaders/BasePassForForwardShadingVertexShader.usf" 314
"C:/Program Files/Epic Games/4.10/Engine/Binaries/Win64/../../../Engine/Shaders/HeightFogCommon.usf" 315
"C:/Program Files/Epic Games/4.10/Engine/Binaries/Win64/../../../Engine/Shaders/HeightFogPixelShader.usf" 316
"C:/Program Files/Epic Games/4.10/Engine/Binaries/Win64/../../../Engine/Shaders/HeightFogVertexShader.usf" 317
"C:/Program Files/Epic Games/4.10/Engine/Binaries/Win64/../../../Engine/Shaders/DistortAccumulatePS.usf" 318
"C:/Program Files/Epic Games/4.10/Engine/Binaries/Win64/../../../Engine/Shaders/DistortAccumulateVS.usf" 319
"C:/Program Files/Epic Games/4.10/Engine/Binaries/Win64/../../../Engine/Shaders/DistortApplyScreenPS.usf" 320
"C:/Program Files/Epic Games/4.10/Engine/Binaries/Win64/../../../Engine/Shaders/DistanceFieldSurfaceCacheLighting.usf" 321
"C:/Program Files/Epic Games/4.10/Engine/Binaries/Win64/../../../Engine/Shaders/SkyLighting.usf" 322
"C:/Program Files/Epic Games/4.10/Engine/Binaries/Win64/../../../Engine/Shaders/DistanceFieldSurfaceCacheLightingCompute.usf" 323
"C:/Program Files/Epic Games/4.10/Engine/Binaries/Win64/../../../Engine/Shaders/DistanceFieldShadowing.usf" 324
"C:/Program Files/Epic Games/4.10/Engine/Binaries/Win64/../../../Engine/Shaders/DistanceFieldScreenGridLighting.usf" 325
"C:/Program Files/Epic Games/4.10/Engine/Binaries/Win64/../../../Engine/Shaders/DistanceFieldLightingPost.usf" 326
"C:/Program Files/Epic Games/4.10/Engine/Binaries/Win64/../../../Engine/Shaders/DistanceFieldGlobalIllumination.usf" 327
"C:/Program Files/Epic Games/4.10/Engine/Binaries/Win64/../../../Engine/Shaders/DepthOnlyPixelShader.usf" 328
"C:/Program Files/Epic Games/4.10/Engine/Binaries/Win64/../../../Engine/Shaders/DepthOnlyVertexShader.usf" 329
"C:/Program Files/Epic Games/4.10/Engine/Binaries/Win64/../../../Engine/Shaders/PositionOnlyDepthVertexShader.usf" 330
"C:/Program Files/Epic Games/4.10/Engine/Binaries/Win64/../../../Engine/Shaders/DownsampleDepthPixelShader.usf" 331
"C:/Program Files/Epic Games/4.10/Engine/Binaries/Win64/../../../Engine/Shaders/EvaluateSurfelMaterial.usf" 332
"C:/Program Files/Epic Games/4.10/Engine/Binaries/Win64/../../../Engine/Shaders/ConvertToUniformMesh.usf" 333
"C:/Program Files/Epic Games/4.10/Engine/Binaries/Win64/../../../Engine/Shaders/BasePassPixelShader.usf" 334
"C:/Program Files/Epic Games/4.10/Engine/Binaries/Win64/../../../Engine/Shaders/BasePassCommon.usf" 335
"C:/Program Files/Epic Games/4.10/Engine/Binaries/Win64/../../../Engine/Shaders/ForEachLight.usf" 336
"C:/Program Files/Epic Games/4.10/Engine/Binaries/Win64/../../../Engine/Shaders/BasePassVertexShader.usf" 337
"C:/Program Files/Epic Games/4.10/Engine/Binaries/Win64/../../../Engine/Shaders/BasePassVertexCommon.usf" 338
"C:/Program Files/Epic Games/4.10/Engine/Binaries/Win64/../../../Engine/Shaders/BasePassTessellationShaders.usf" 339
"C:/Program Files/Epic Games/4.10/Engine/Binaries/Win64/../../../Engine/Shaders/AtmospherePrecompute.usf" 340
"C:/Program Files/Epic Games/4.10/Engine/Binaries/Win64/../../../Engine/Shaders/AtmospherePrecomputeCommon.usf" 341
"C:/Program Files/Epic Games/4.10/Engine/Binaries/Win64/../../../Engine/Shaders/AtmospherePrecomputeInscatter.usf" 342
"C:/Program Files/Epic Games/4.10/Engine/Binaries/Win64/../../../Engine/Shaders/AtmosphericFogShader.usf" 343
"C:/Program Files/Epic Games/4.10/Engine/Binaries/Win64/../../../Engine/Shaders/ResolveVertexShader.usf" 344
"C:/Program Files/Epic Games/4.10/Engine/Binaries/Win64/../../../Engine/Shaders/ResolvePixelShader.usf" 345
"C:/Program Files/Epic Games/4.10/Engine/Binaries/Win64/../../../Engine/Shaders/OneColorShader.usf" 346
"C:/Program Files/Epic Games/4.10/Engine/Binaries/Win64/../../../Engine/Shaders/MediaShaders.usf" 347
"C:/Program Files/Epic Games/4.10/Engine/Binaries/Win64/../../../Engine/Shaders/ClearReplacementShaders.usf" 348
"C:/Program Files/Epic Games/4.10/Engine/Binaries/Win64/../../../Engine/Shaders/SimpleElementTexture2DPreviewPixelShader.usf" 349
"C:/Program Files/Epic Games/4.10/Engine/Binaries/Win64/../../../Engine/Shaders/SimpleElementNormalMapPixelShader.usf" 350
"C:/Program Files/Epic Games/4.10/Engine/Binaries/Win64/../../../Engine/Shaders/meshpaintdilatepixelshader.usf" 351
"C:/Program Files/Epic Games/4.10/Engine/Binaries/Win64/../../../Engine/Shaders/meshpaintdilatevertexshader.usf" 352
"C:/Program Files/Epic Games/4.10/Engine/Binaries/Win64/../../../Engine/Shaders/MeshPaintPixelShader.usf" 353
"C:/Program Files/Epic Games/4.10/Engine/Binaries/Win64/../../../Engine/Shaders/MeshPaintVertexShader.usf" 354
"../../../Engine/Config/Android/AndroidEngine.ini" 355
"../../../Engine/Config/IOS/IOSEngine.ini" 356
"../../../Engine/Config/Linux/LinuxEngine.ini" 357
"C:/Users/vincent/AppData/Local/UnrealEngine/4.10/DerivedDataCache/Boot.ddc" 358
"../../../Engine/DerivedDataCache/Compressed.ddp" 359
"../../../Engine/Content/EngineFonts/Roboto.uasset" 360
"../../../Engine/Content/EngineMaterials/Widget3DPassThrough_Translucent.uasset" 361
"../../../Engine/Content/EngineMaterials/Widget3DPassThrough.uasset" 362
"../../../Engine/Content/Functions/Engine_MaterialFunctions02/Texturing/ScreenAlignedUVs.uasset" 363
"../../../Engine/Content/EngineResources/WhiteSquareTexture.uasset" 364
"../../../Engine/Content/Functions/Engine_MaterialFunctions01/Shading/PowerToRoughness.uasset" 365
"../../../Engine/Content/Functions/Engine_MaterialFunctions01/Shading/ConvertFromDiffSpec.uasset" 366
"../../../Engine/Content/EngineMaterials/WorldGridMaterial.uasset" 367
"../../../Engine/Content/Functions/Engine_MaterialFunctions01/Opacity/CameraDepthFade.uasset" 368
"../../../Engine/Content/EngineMaterials/T_Default_Material_Grid_M.uasset" 369
"../../../Engine/Content/EngineMaterials/T_Default_Material_Grid_N.uasset" 370
"../../../Engine/Content/EngineMaterials/DefaultDeferredDecalMaterial.uasset" 371
"../../../Engine/Content/EngineMaterials/DefaultDiffuse.uasset" 372
"../../../Engine/Content/EngineMaterials/DefaultLightFunctionMaterial.uasset" 373
"../../../Engine/Content/EngineMaterials/DefaultPostProcessMaterial.uasset" 374
"../../../Engine/Content/Functions/Engine_MaterialFunctions02/Utility/BreakOutFloat2Components.uasset" 375
"../../../Engine/Content/EngineResources/DefaultTexture.uasset" 376
"../../../Engine/Content/EngineMaterials/Widget3DPassThrough_Translucent_OneSided.uasset" 377
"../../../Engine/Content/EngineMaterials/Widget3DPassThrough_Opaque.uasset" 378
"../../../Engine/Content/EngineMaterials/Widget3DPassThrough_Opaque_OneSided.uasset" 379
"../../../Engine/Content/EngineMaterials/Widget3DPassThrough_Masked.uasset" 380
"../../../Engine/Content/EngineMaterials/Widget3DPassThrough_Masked_OneSided.uasset" 381
"../../../Engine/Content/EditorResources/S_Actor.uasset" 382
"C:/Users/vincent/Documents/Escort/Escort/Saved/Config/Windows/TemplateDefs.ini" 383
"../../../../../../Users/vincent/Documents/Escort/Escort/Intermediate/Config/CoalescedSourceConfigs/TemplateDefs.ini" 384
"C:/Users/vincent/Documents/Escort/Escort/Saved/Config/Windows/GameplayTags.ini" 385
"../../../../../../Users/vincent/Documents/Escort/Escort/Intermediate/Config/CoalescedSourceConfigs/GameplayTags.ini" 386
"../../../Engine/Content/Maps/Templates/Thumbnails/Default.uasset" 387
"../../../Engine/Content/EditorMaterials/ParticleSystems/PSysThumbnail_NoImage.uasset" 388
"../../../Engine/Content/EditorMaterials/ParticleSystems/PSysThumbnail_OOD.uasset" 389
"../../../Engine/Content/EditorLandscapeResources/DataLayer.uasset" 390
"../../../Engine/Content/EngineDamageTypes/DmgTypeBP_Environmental.uasset" 391
"..\..\..\Engine\Content\Internationalization\icudt53l\numberingSystems.res" 392
"..\..\..\Engine\Content\Internationalization\icudt53l\curr\supplementalData.res" 393
"..\..\..\Engine\Content\Internationalization\icudt53l\curr\pool.res" 394
"..\..\..\Engine\Content\Internationalization\icudt53l\curr\en.res" 395
"..\..\..\Engine\Content\Internationalization\icudt53l\curr\root.res" 396
"../../../Engine/Content/EngineMeshes/Sphere.uasset" 397
"../../../Engine/Content/EngineFonts/RobotoDistanceField.uasset" 398
"../../../Engine/Content/EngineMaterials/DefaultTextMaterialOpaque.uasset" 399
"../../../Engine/Content/EditorResources/S_Trigger.uasset" 400
"../../../Engine/Content/EngineResources/GradientTexture0.uasset" 401
"../../../Engine/Content/EngineResources/Black.uasset" 402
"../../../Engine/Content/EditorMaterials/MatineeGroups/MAT_Groups_Float.uasset" 403
"../../../Engine/Content/EditorMaterials/MatineeGroups/MAT_Groups_Director.uasset" 404
"../../../Engine/Content/EditorMaterials/MatineeGroups/MAT_Groups_Event.uasset" 405
"../../../Engine/Content/EditorMaterials/MatineeGroups/MAT_Groups_Anim.uasset" 406
"../../../Engine/Content/EditorMaterials/MatineeGroups/MAT_Groups_Fade.uasset" 407
"../../../Engine/Content/EditorMaterials/MatineeGroups/MAT_Groups_Move.uasset" 408
"../../../Engine/Content/EditorMaterials/MatineeGroups/MAT_Groups_Slomo.uasset" 409
"../../../Engine/Content/EditorMaterials/MatineeGroups/MAT_ColorTrack.uasset" 410
"../../../Engine/Content/EditorMaterials/MAT_Groups_Toggle.uasset" 411
"../../../Engine/Content/EditorMaterials/MatineeGroups/MAT_Groups_AudioMaster.uasset" 412
"../../../Engine/Content/EditorMaterials/MatineeGroups/MAT_Groups_Sound.uasset" 413
"../../../Engine/Content/EditorMaterials/MatineeGroups/MAT_Groups_Vector.uasset" 414
"../../../Engine/Content/EditorMaterials/MAT_Groups_Visibility.uasset" 415
"../../../Engine/Content/EngineResources/DefaultTextureCube.uasset" 416
"../../../Engine/Content/EngineSounds/Master.uasset" 417
"../../../Engine/Content/EngineSounds/Music.uasset" 418
"../../../Engine/Content/EngineSounds/SFX.uasset" 419
"../../../Engine/Content/EngineSounds/Normal_Attack.uasset" 420
"../../../Engine/Content/EngineSounds/Special_Attack_PSM.uasset" 421
"../../../Engine/Content/EngineSounds/Duck_Normal_Attack_MixMod.uasset" 422
"../../../Engine/Content/EngineSounds/Voice.uasset" 423
"../../../Engine/Content/EngineMeshes/Cylinder.uasset" 424
"../../../Engine/Content/EngineMaterials/DefaultMaterial.uasset" 425
"../../../Engine/Content/EngineTireTypes/DefaultTireType.uasset" 426
"../../../Engine/Content/Editor/Slate/Fonts/FontAwesome.ttf" 427
"../../../Engine/Content/Editor/Slate/Fonts/DroidSansMono.ttf" 428
"../../../Engine/Content/Editor/Slate/Fonts/Roboto-BoldCondensed.ttf" 429
"../../../Engine/Content/Editor/Slate/Fonts/Roboto-Black.ttf" 430
"../../../Engine/Content/Editor/Slate/Fonts/Roboto-Italic.ttf" 431
"../../../Engine/Content/Editor/Slate/Fonts/Roboto-BoldCondensedItalic.ttf" 432
"..\..\..\Engine\Content\Internationalization\icudt53l\coll\ucadata.icu" 433
"..\..\..\Engine\Content\Internationalization\icudt53l\nfc.nrm" 434
"..\..\..\Engine\Content\Internationalization\icudt53l\coll\en_US.res" 435
"..\..\..\Engine\Content\Internationalization\icudt53l\coll\en.res" 436
"..\..\..\Engine\Content\Internationalization\icudt53l\coll\root.res" 437
"../../../Engine/Content/EngineResources/AICON-Red.uasset" 438
"../../../Engine/Content/EngineResources/AICON-Green.uasset" 439
"../../../Engine/Content/Tutorial/Basics/LevelEditorAttract.uasset" 440
"../../../Engine/Content/Tutorial/SubEditors/MaterialEditorTutorial.uasset" 441
"../../../Engine/Content/Tutorial/Basics/LevelEditorOverview.uasset" 442
"../../../Engine/Content/Tutorial/Basics/TutorialAssets/icon_tab_Levels_40x.uasset" 443
"../../../Engine/Content/Tutorial/ContentIntroCurve.uasset" 444
"../../../Engine/Plugins/2D/Paper2D/Content/MaskedUnlitSpriteMaterial.uasset" 445
"../../../Engine/Plugins/2D/Paper2D/Content/DefaultSpriteMaterial.uasset" 446
"../../../Engine/Plugins/2D/Paper2D/Content/PlaceholderTextures/DummySpriteTexture.uasset" 447
"../../../Engine/Plugins/2D/Paper2D/Content/OpaqueUnlitSpriteMaterial.uasset" 448
"../../../Engine/Plugins/2D/Paper2D/Content/DefaultPaperTerrainMaterial.uasset" 449
"../../../Engine/Plugins/2D/Paper2D/Content/DummySprite.uasset" 450
"../../../Engine/Plugins/2D/Paper2D/Content/DummySpriteTexture.uasset" 451
"C:/Users/vincent/AppData/Local/UnrealEngine/4.10/Saved/Config/Windows/SourceControlSettings.ini" 452
"../../../../../../Users/vincent/Documents/Escort/Escort/Intermediate/Config/CoalescedSourceConfigs/SourceControlSettings.ini" 453
"C:/Users/vincent/Documents/Escort/Escort/Saved/Config/Windows/SourceControlSettings.ini" 454
"../../../Engine/Plugins/Runtime/LeapMotionController/Content/LM_CapsuleMesh.uasset" 455
"../../../Engine/Plugins/Runtime/LeapMotionController/Content/LM_TorusMesh.uasset" 456
"../../../Engine/Plugins/Runtime/LeapMotionController/Content/LM_HandColor.uasset" 457
"../../../Engine/Plugins/Runtime/LeapMotionController/Content/LM_PassthroughMaterial.uasset" 458
"../../../Engine/Plugins/Runtime/LeapMotionController/Content/LM_SampleDistortion.uasset" 459
"../../../Engine/Plugins/Runtime/LeapMotionController/Content/LM_TestTexture.uasset" 460
"../../../Engine/Content/BasicShapes/Cube.uasset" 461
"../../../Engine/Content/EngineMaterials/RemoveSurfaceMaterial.uasset" 462
"../../../Engine/Content/EngineDebugMaterials/DebugMeshMaterial.uasset" 463
"../../../Engine/Content/EngineMaterials/M_InvalidLightmapSettings.uasset" 464
"../../../Engine/Content/EngineMaterials/InvalidLightmapSettings.uasset" 465
"../../../Engine/Content/EditorMaterials/GizmoMaterial.uasset" 466
"../../../Engine/Content/EngineMaterials/Good64x64TilingNoiseHighFreq.uasset" 467
"../../../Engine/Content/EngineMaterials/DefaultBokeh.uasset" 468
"../../../Engine/Content/EngineMaterials/PreintegratedSkinBRDF.uasset" 469
"../../../Engine/Content/EngineMaterials/MiniFont.uasset" 470
"../../../Engine/Content/EngineMaterials/WeightMapPlaceholderTexture.uasset" 471
"../../../Engine/Content/EngineMaterials/DefaultWhiteGrid.uasset" 472
"../../../Engine/Content/EngineMaterials/DefaultPhysicalMaterial.uasset" 473
"../../../Engine/Content/EngineFonts/RobotoTiny.uasset" 474
"../../../../../../Users/vincent/Documents/Escort/Escort/Intermediate/CachedAssetRegistry.bin" 475
"../../../../../../Users/vincent/Documents/Escort/Escort/Content/Character/Player.uasset" 476
"../../../../../../Users/vincent/Documents/Escort/Escort/Content/Game/EscortGameMode.uasset" 477
"../../../../../../Users/vincent/Documents/Escort/Escort/Content/Materials/Cool.uasset" 478
"../../../../../../Users/vincent/Documents/Escort/Escort/Content/StarterContent/Maps/Minimal_Default.umap" 479
"../../../Engine/Config/HTML5/HTML5Engine.ini" 480
"../../../Engine/Content/MobileResources/HUD/VirtualJoystick_Thumb.uasset" 481
"../../../Engine/Content/EditorResources/BSPVertex.uasset" 482
"../../../Engine/Content/EngineDebugMaterials/GeomMaterial.uasset" 483
"../../../Engine/Content/EngineDebugMaterials/BoneWeightMaterial.uasset" 484
"../../../Engine/Content/EngineDebugMaterials/HeatmapGradient.uasset" 485
"../../../Engine/Content/EditorMaterials/PhAT_JointLimitMaterial.uasset" 486
"../../../Engine/Content/EditorMaterials/PreviewShadowIndicatorMaterial.uasset" 487
"../../../Engine/Content/EditorMaterials/PreviewShadowIndicator.uasset" 488
"../../../Engine/Content/EngineMaterials/EditorBrushMaterial.uasset" 489
"../../../Engine/Content/MobileResources/HUD/DefaultVirtualJoysticks.uasset" 490
"../../../Engine/Content/MobileResources/HUD/VirtualJoystick_Background.uasset" 491
"../../../Engine/Content/Tutorial/BlueprintTutorials/TutorialAssets/Blueprint_64x.uasset" 492
"../../../Engine/Content/Tutorial/SubEditors/TutorialAssets/icon_Editor_Preferences_General_40x.uasset" 493
"../../../Engine/Content/Tutorial/Paper2D/TutorialAssets/Paper2DSprite_TutorialIcon.uasset" 494
"../../../Engine/Content/Tutorial/SubEditors/TutorialAssets/icon_ShowSkeletalMeshes_40x.uasset" 495
"../../../Engine/Content/Tutorial/Landscape/TutorialAssets/Landscape.uasset" 496
"../../../Engine/Content/Tutorial/Foliage/TutorialAssets/Foliage.uasset" 497
"../../../Engine/Content/Tutorial/SubEditors/StaticMeshEditorTutorial.uasset" 498
"../../../Engine/Content/EngineMeshes/Cube.uasset" 499
"../../../Engine/Content/Tutorial/BlueprintTutorials/BlueprintEditorTutorial.uasset" 500
"../../../Engine/Content/Tutorial/BlueprintTutorials/BlueprintMacroLibrariesEditorOverview.uasset" 501
"../../../Engine/Content/Tutorial/BlueprintTutorials/TutorialAssets/BlueprintMacroLibrary_64x.uasset" 502
"../../../Engine/Content/Tutorial/BlueprintTutorials/TutorialAssets/Tutorial_BP_MacroLib.uasset" 503
"../../../Engine/Content/Tutorial/BlueprintTutorials/BlueprintInterfacesEditorOverview.uasset" 504
"../../../Engine/Content/Tutorial/BlueprintTutorials/TutorialAssets/BlueprintInterface_64x.uasset" 505
"../../../Engine/Content/Tutorial/BlueprintTutorials/TutorialAssets/Tutorial_BP_Interface.uasset" 506
"../../../Engine/Content/Tutorial/BlueprintTutorials/LevelBlueprintEditorOverview.uasset" 507
"../../../Engine/Content/Tutorial/SubEditors/DestructibleMeshEditorTutorial.uasset" 508
"../../../Engine/Content/Tutorial/SubEditors/TutorialAssets/Tutorial_DM.uasset" 509
"../../../Engine/Content/EditorMeshes/EditorCube.uasset" 510
"../../../Engine/Content/Tutorial/SubEditors/ParticleSystemEditorTutorial.uasset" 511
"../../../Engine/Content/Tutorial/SubEditors/TutorialAssets/TutorialParticleSystem.uasset" 512
"../../../Engine/Content/Tutorial/SubEditors/TutorialAssets/M_smoke_subUV_blackbody.uasset" 513
"../../../Engine/Content/Tutorial/SubEditors/TutorialAssets/T_SmokeSubUV_8X8.uasset" 514
"../../../Engine/Content/Tutorial/SubEditors/TutorialAssets/T_soft_smoke.uasset" 515
"../../../Engine/Content/Tutorial/SubEditors/PersonaAnimEditorWalkThrough.uasset" 516
"../../../Engine/Content/Tutorial/SubEditors/TutorialAssets/Character/NewBlendSpace1D.uasset" 517
"../../../Engine/Content/Tutorial/SubEditors/TutorialAssets/Character/Tutorial_Idle.uasset" 518
"../../../Engine/Content/Tutorial/SubEditors/TutorialAssets/Character/TutorialTPP_Skeleton.uasset" 519
"../../../Engine/Content/Tutorial/SubEditors/TutorialAssets/Character/Tutorial_Walk_Fwd.uasset" 520
"../../../Engine/Content/Tutorial/SubEditors/TutorialAssets/Character/TutorialTPP.uasset" 521
"../../../Engine/Content/Tutorial/SubEditors/TutorialAssets/Character/TutorialTPP_Mat.uasset" 522
"../../../Engine/Content/Tutorial/SubEditors/TutorialAssets/Character/TutorialTPP_PhysicsAsset.uasset" 523
"../../../Engine/Content/Tutorial/SubEditors/PersonaAnimBlueprintEditorWalkthrough.uasset" 524
"../../../Engine/Content/Tutorial/SubEditors/TutorialAssets/Character/TutorialTPP_AnimBlueprint.uasset" 525
"../../../Engine/Content/EditorBlueprintResources/StandardMacros.uasset" 526
"../../../Engine/Content/Tutorial/SubEditors/TutorialAssets/Character/TutorialCharacter.uasset" 527
"../../../Engine/Content/Tutorial/Paper2D/SpriteEditorTutorial.uasset" 528
"../../../Engine/Content/Tutorial/Paper2D/FlipbookEditorTutorial.uasset" 529
"../../../Engine/Content/Tutorial/Paper2D/TutorialAssets/Paper2DFlipbook_TutorialIcon.uasset" 530
"../../../Engine/Content/Tutorial/Landscape/Landscape_Manage_Mode.uasset" 531
"../../../Engine/Content/Tutorial/Landscape/Landscape_Sculpt_Mode.uasset" 532
"../../../Engine/Content/Tutorial/Landscape/Landscape_Painting_Mode.uasset" 533
"../../../Engine/Content/Tutorial/Foliage/Foliage_Intro_Tutorial.uasset" 534
"../../../Engine/Content/Tutorial/Foliage/Foliage_Using_The_Tool_Tutorial.uasset" 535
"../../../Engine/Content/Tutorial/Foliage/Foliage_Settings_Tutorial.uasset" 536
"../../../Engine/Content/Tutorial/SubEditors/TutorialAssets/TutorialMaterial.uasset" 537
"../../../Engine/Content/MobileResources/HUD/MobileHUDDirectionPad.uasset" 538
"../../../../../../Users/vincent/Documents/Escort/Escort/Content/StarterContent/Textures/T_Ceramic_Tile_M.uasset" 539
"../../../../../../Users/vincent/Documents/Escort/Escort/Content/StarterContent/Audio/Fire_Sparks01.uasset" 540
"../../../../../../Users/vincent/Documents/Escort/Escort/Content/StarterContent/Audio/Fire01_Cue.uasset" 541
"../../../../../../Users/vincent/Documents/Escort/Escort/Content/StarterContent/Audio/Fire01.uasset" 542
"../../../../../../Users/vincent/Documents/Escort/Escort/Content/StarterContent/Audio/Explosion_Cue.uasset" 543
"../../../../../../Users/vincent/Documents/Escort/Escort/Content/StarterContent/Audio/Explosion01.uasset" 544
"../../../../../../Users/vincent/Documents/Escort/Escort/Content/StarterContent/Audio/Explosion02.uasset" 545
"../../../../../../Users/vincent/Documents/Escort/Escort/Content/StarterContent/Audio/Collapse_Cue.uasset" 546
"../../../../../../Users/vincent/Documents/Escort/Escort/Content/StarterContent/Audio/Collapse01.uasset" 547
"../../../../../../Users/vincent/Documents/Escort/Escort/Content/StarterContent/Audio/Collapse02.uasset" 548
"../../../../../../Users/vincent/Documents/Escort/Escort/Content/StarterContent/Architecture/Wall_Window_400x400.uasset" 549
"../../../../../../Users/vincent/Documents/Escort/Escort/Content/StarterContent/Materials/M_Basic_Wall.uasset" 550
"../../../../../../Users/vincent/Documents/Escort/Escort/Content/StarterContent/Architecture/Wall_Window_400x300.uasset" 551
"../../../../../../Users/vincent/Documents/Escort/Escort/Content/StarterContent/Architecture/Wall_Door_400x400.uasset" 552
"../../../../../../Users/vincent/Documents/Escort/Escort/Content/StarterContent/Architecture/Wall_Door_400x300.uasset" 553
"../../../../../../Users/vincent/Documents/Escort/Escort/Content/StarterContent/Architecture/Wall_500x500.uasset" 554
"../../../../../../Users/vincent/Documents/Escort/Escort/Content/StarterContent/Architecture/Wall_400x400.uasset" 555
"../../../../../../Users/vincent/Documents/Escort/Escort/Content/StarterContent/Architecture/Wall_400x300.uasset" 556
"../../../../../../Users/vincent/Documents/Escort/Escort/Content/StarterContent/Architecture/Wall_400x200.uasset" 557
"../../../../../../Users/vincent/Documents/Escort/Escort/Content/StarterContent/Architecture/SM_AssetPlatform.uasset" 558
"../../../../../../Users/vincent/Documents/Escort/Escort/Content/StarterContent/Materials/M_AssetPlatform.uasset" 559
"../../../../../../Users/vincent/Documents/Escort/Escort/Content/StarterContent/Architecture/Pillar_50x500.uasset" 560
"../../../../../../Users/vincent/Documents/Escort/Escort/Content/StarterContent/Architecture/Floor_400x400.uasset" 561
"../../../../../../Users/vincent/Documents/Escort/Escort/Content/StarterContent/Materials/M_Basic_Floor.uasset" 562
"C:/Users/vincent/AppData/Local/UnrealEngine/Common/DerivedDataCache/5/8/4/PHYSX_1D9C17C451EA4FB88CB7A27536A65DB0_PHYSXPC_205BF5274A1DF46BE4BE3987732395B__AA1250C0578C996B3161EB38BA17D36D442DE066.udd" 563
"C:/Users/vincent/AppData/Local/UnrealEngine/Common/DerivedDataCache/3/8/1/MATSM_984AFA3849534FAA8491540B994BD32E_PCD3D_SM5_3__BC5N_DEV_SL_NODBUF4F2E3764__8D867BB860DB5951ADF593BDD2C20D63F0B6F69C.udd" 564
"C:/Users/vincent/AppData/Local/Temp/UnrealShaderWorkingDir/434A17DE42F1233726EC7CBDB299772E/1/WorkerOutputOnly.out" 565
"C:/Users/vincent/AppData/Local/Temp/UnrealShaderWorkingDir/434A17DE42F1233726EC7CBDB299772E/0/WorkerOutputOnly.out" 566
"../../../../../../Users/vincent/Documents/Escort/Escort/Content/StarterContent/Particles/P_Fire.uasset" 567
"../../../../../../Users/vincent/Documents/Escort/Escort/Content/StarterContent/Particles/Materials/M_Fire_SubUV.uasset" 568
"../../../../../../Users/vincent/Documents/Escort/Escort/Content/StarterContent/Textures/T_Fire_SubUV.uasset" 569
"../../../../../../Users/vincent/Documents/Escort/Escort/Content/StarterContent/Textures/T_Fire_Tiled_D.uasset" 570
"../../../../../../Users/vincent/Documents/Escort/Escort/Content/StarterContent/Particles/Materials/M_Heat_Distortion.uasset" 571
"../../../../../../Users/vincent/Documents/Escort/Escort/Content/StarterContent/Textures/T_Water_N.uasset" 572
"../../../../../../Users/vincent/Documents/Escort/Escort/Content/StarterContent/Particles/Materials/M_Radial_Gradient.uasset" 573
"../../../Engine/Content/Functions/Engine_MaterialFunctions01/Gradient/RadialGradient.uasset" 574
"../../../../../../Users/vincent/Documents/Escort/Escort/Content/StarterContent/Particles/Materials/M_smoke_subUV.uasset" 575
"../../../../../../Users/vincent/Documents/Escort/Escort/Content/StarterContent/Textures/T_Smoke_SubUV.uasset" 576
"../../../../../../Users/vincent/Documents/Escort/Escort/Content/StarterContent/Textures/T_Smoke_Tiled_D.uasset" 577
"../../../../../../Users/vincent/Documents/Escort/Escort/Content/StarterContent/Textures/T_Metal_Aluminum_D.uasset" 578
"../../../../../../Users/vincent/Documents/Escort/Escort/Content/StarterContent/Props/SM_Stairs.uasset" 579
"../../../../../../Users/vincent/Documents/Escort/Escort/Content/StarterContent/Props/SM_Shelf.uasset" 580
"../../../../../../Users/vincent/Documents/Escort/Escort/Content/StarterContent/Props/Materials/M_Shelf.uasset" 581
"../../../../../../Users/vincent/Documents/Escort/Escort/Content/StarterContent/Textures/T_Shelf_M.uasset" 582
"../../../../../../Users/vincent/Documents/Escort/Escort/Content/StarterContent/Textures/T_Shelf_N.uasset" 583
"../../../../../../Users/vincent/Documents/Escort/Escort/Content/StarterContent/Props/SM_Rock.uasset" 584
"../../../../../../Users/vincent/Documents/Escort/Escort/Content/StarterContent/Props/Materials/M_Rock.uasset" 585
"../../../Engine/Content/Functions/Engine_MaterialFunctions02/Utility/BlendAngleCorrectedNormals.uasset" 586
"../../../../../../Users/vincent/Documents/Escort/Escort/Content/StarterContent/Textures/T_Detail_Rocky_N.uasset" 587
"../../../../../../Users/vincent/Documents/Escort/Escort/Content/StarterContent/Textures/T_Rock_Basalt_D.uasset" 588
"../../../../../../Users/vincent/Documents/Escort/Escort/Content/StarterContent/Textures/T_RockMesh_M.uasset" 589
"../../../../../../Users/vincent/Documents/Escort/Escort/Content/StarterContent/Textures/T_RockMesh_N.uasset" 590
"../../../../../../Users/vincent/Documents/Escort/Escort/Content/StarterContent/Props/SM_PillarFrame300.uasset" 591
"../../../../../../Users/vincent/Documents/Escort/Escort/Content/StarterContent/Props/Materials/M_Frame.uasset" 592
"../../../../../../Users/vincent/Documents/Escort/Escort/Content/StarterContent/Textures/T_Frame_M.uasset" 593
"../../../../../../Users/vincent/Documents/Escort/Escort/Content/StarterContent/Textures/T_Frame_N.uasset" 594
"../../../../../../Users/vincent/Documents/Escort/Escort/Content/StarterContent/Props/SM_PillarFrame.uasset" 595
"../../../../../../Users/vincent/Documents/Escort/Escort/Content/StarterContent/Props/SM_MatPreviewMesh_02.uasset" 596
"../../../../../../Users/vincent/Documents/Escort/Escort/Content/StarterContent/Props/Materials/M_MaterialSphere.uasset" 597
"../../../../../../Users/vincent/Documents/Escort/Escort/Content/StarterContent/Props/Materials/M_MaterialSphere_Plain.uasset" 598
"../../../../../../Users/vincent/Documents/Escort/Escort/Content/StarterContent/Props/SM_Lamp_Wall.uasset" 599
"../../../../../../Users/vincent/Documents/Escort/Escort/Content/StarterContent/Props/Materials/M_Lamp.uasset" 600
"../../../../../../Users/vincent/Documents/Escort/Escort/Content/StarterContent/Textures/T_Lamp_M.uasset" 601
"../../../../../../Users/vincent/Documents/Escort/Escort/Content/StarterContent/Textures/T_Lamp_N.uasset" 602
"../../../../../../Users/vincent/Documents/Escort/Escort/Content/StarterContent/Props/SM_Lamp_Ceiling.uasset" 603
"../../../../../../Users/vincent/Documents/Escort/Escort/Content/StarterContent/Props/SM_GlassWindow.uasset" 604
"../../../../../../Users/vincent/Documents/Escort/Escort/Content/StarterContent/Materials/M_Glass.uasset" 605
"../../../../../../Users/vincent/Documents/Escort/Escort/Content/StarterContent/Props/SM_DoorFrame.uasset" 606
"../../../../../../Users/vincent/Documents/Escort/Escort/Content/StarterContent/Props/SM_Door.uasset" 607
"../../../../../../Users/vincent/Documents/Escort/Escort/Content/StarterContent/Props/Materials/M_Door.uasset" 608
"../../../../../../Users/vincent/Documents/Escort/Escort/Content/StarterContent/Textures/T_Door_M.uasset" 609
"../../../../../../Users/vincent/Documents/Escort/Escort/Content/StarterContent/Textures/T_Door_N.uasset" 610
"../../../../../../Users/vincent/Documents/Escort/Escort/Content/StarterContent/Props/SM_Couch.uasset" 611
"../../../../../../Users/vincent/Documents/Escort/Escort/Content/StarterContent/Props/Materials/M_Chair.uasset" 612
"../../../../../../Users/vincent/Documents/Escort/Escort/Content/StarterContent/Textures/T_Chair_M.uasset" 613
"../../../../../../Users/vincent/Documents/Escort/Escort/Content/StarterContent/Textures/T_Chair_N.uasset" 614
"../../../../../../Users/vincent/Documents/Escort/Escort/Content/StarterContent/Props/SM_CornerFrame.uasset" 615
"../../../../../../Users/vincent/Documents/Escort/Escort/Content/StarterContent/Props/SM_Chair.uasset" 616
"../../../../../../Users/vincent/Documents/Escort/Escort/Content/StarterContent/Props/SM_Bush.uasset" 617
"../../../../../../Users/vincent/Documents/Escort/Escort/Content/StarterContent/Props/Materials/M_Bush.uasset" 618
"../../../../../../Users/vincent/Documents/Escort/Escort/Content/StarterContent/Textures/T_Bush_D.uasset" 619
"../../../../../../Users/vincent/Documents/Escort/Escort/Content/StarterContent/Textures/T_Bush_N.uasset" 620
"../../../../../../Users/vincent/Documents/Escort/Escort/Content/StarterContent/Props/MaterialSphere.uasset" 621
"../../../../../../Users/vincent/Documents/Escort/Escort/Content/StarterContent/Particles/Materials/M_Spark.uasset" 622
"../../../../../../Users/vincent/Documents/Escort/Escort/Content/StarterContent/Textures/T_Spark_Core.uasset" 623
"../../../../../../Users/vincent/Documents/Escort/Escort/Content/StarterContent/Particles/Materials/M_radial_ramp.uasset" 624
"../../../../../../Users/vincent/Documents/Escort/Escort/Content/StarterContent/Particles/Materials/m_flare_01.uasset" 625
"../../../../../../Users/vincent/Documents/Escort/Escort/Content/StarterContent/Particles/Materials/M_explosion_subUV.uasset" 626
"../../../../../../Users/vincent/Documents/Escort/Escort/Content/StarterContent/Textures/T_Explosion_SubUV.uasset" 627
"../../../../../../Users/vincent/Documents/Escort/Escort/Content/StarterContent/Particles/Materials/M_Dust_Particle.uasset" 628
"../../../../../../Users/vincent/Documents/Escort/Escort/Content/StarterContent/Textures/T_Dust_Particle_D.uasset" 629
"../../../../../../Users/vincent/Documents/Escort/Escort/Content/StarterContent/Particles/Materials/M_Burst.uasset" 630
"../../../../../../Users/vincent/Documents/Escort/Escort/Content/StarterContent/Textures/T_Burst_M.uasset" 631
"../../../../../../Users/vincent/Documents/Escort/Escort/Content/StarterContent/Particles/P_Steam_Lit.uasset" 632
"../../../../../../Users/vincent/Documents/Escort/Escort/Content/StarterContent/Blueprints/Blueprint_Effect_Explosion.uasset" 633
"../../../../../../Users/vincent/Documents/Escort/Escort/Content/StarterContent/Particles/P_Explosion.uasset" 634
"../../../../../../Users/vincent/Documents/Escort/Escort/Content/StarterContent/Blueprints/Blueprint_CeilingLight.uasset" 635
"../../../../../../Users/vincent/Documents/Escort/Escort/Content/StarterContent/Audio/Steam01_Cue.uasset" 636
"../../../../../../Users/vincent/Documents/Escort/Escort/Content/StarterContent/Audio/Steam01.uasset" 637
"../../../../../../Users/vincent/Documents/Escort/Escort/Content/StarterContent/Audio/Starter_Wind06.uasset" 638
"../../../../../../Users/vincent/Documents/Escort/Escort/Content/StarterContent/Audio/Starter_Wind05.uasset" 639
"../../../../../../Users/vincent/Documents/Escort/Escort/Content/StarterContent/Audio/Starter_Music_Cue.uasset" 640
"../../../../../../Users/vincent/Documents/Escort/Escort/Content/StarterContent/Audio/Starter_Music01.uasset" 641
"../../../../../../Users/vincent/Documents/Escort/Escort/Content/StarterContent/Audio/Starter_Birds01.uasset" 642
"../../../../../../Users/vincent/Documents/Escort/Escort/Content/StarterContent/Audio/Starter_Background_Cue.uasset" 643
"../../../../../../Users/vincent/Documents/Escort/Escort/Content/StarterContent/Audio/Smoke01_Cue.uasset" 644
"../../../../../../Users/vincent/Documents/Escort/Escort/Content/StarterContent/Audio/Smoke01.uasset" 645
"../../../../../../Users/vincent/Documents/Escort/Escort/Content/StarterContent/Audio/Light02_Cue.uasset" 646
"../../../../../../Users/vincent/Documents/Escort/Escort/Content/StarterContent/Audio/Light02.uasset" 647
"../../../../../../Users/vincent/Documents/Escort/Escort/Content/StarterContent/Audio/Light01_Cue.uasset" 648
"../../../../../../Users/vincent/Documents/Escort/Escort/Content/StarterContent/Audio/Light01.uasset" 649
"../../../../../../Users/vincent/Documents/Escort/Escort/Content/StarterContent/Audio/Fire_Sparks01_Cue.uasset" 650
"../../../Engine/Content/MobileResources/HUD/LeftVirtualJoystickOnly.uasset" 651
"../../../Engine/Content/MobileResources/HUD/AnalogHat.uasset" 652
"../../../Engine/Content/Maps/Entry.umap" 653
"../../../Engine/Content/EngineMaterials/DefaultNormal.uasset" 654
"../../../Engine/Content/EngineSky/BP_Sky_Sphere.uasset" 655
"../../../Engine/Content/EngineSky/C_Sky_Cloud_Color.uasset" 656
"../../../Engine/Content/EngineSky/C_Sky_Horizon_Color.uasset" 657
"../../../Engine/Content/EngineSky/C_Sky_Zenith_Color.uasset" 658
"../../../Engine/Content/EngineSky/M_Sky_Panning_Clouds2.uasset" 659
"../../../Engine/Content/EngineSky/T_Sky_Blue.uasset" 660
"../../../Engine/Content/EngineSky/T_Sky_Clouds_M.uasset" 661
"../../../Engine/Content/EngineSky/T_Sky_Stars.uasset" 662
"../../../Engine/Content/EngineSky/SM_SkySphere.uasset" 663
"../../../../../../Users/vincent/Documents/Escort/Escort/Content/StarterContent/Materials/M_Metal_Burnished_Steel.uasset" 664
"../../../../../../Users/vincent/Documents/Escort/Escort/Content/StarterContent/Textures/T_MacroVariation.uasset" 665
"../../../../../../Users/vincent/Documents/Escort/Escort/Content/StarterContent/Textures/T_Metal_Gold_N.uasset" 666
"../../../../../../Users/vincent/Documents/Escort/Escort/Content/StarterContent/Props/Materials/M_StatueGlass.uasset" 667
"../../../../../../Users/vincent/Documents/Escort/Escort/Content/StarterContent/Textures/T_Statue_M.uasset" 668
"../../../../../../Users/vincent/Documents/Escort/Escort/Content/StarterContent/Textures/T_Statue_N.uasset" 669
"../../../../../../Users/vincent/Documents/Escort/Escort/Content/StarterContent/Props/SM_Statue.uasset" 670
"../../../../../../Users/vincent/Documents/Escort/Escort/Content/StarterContent/Props/Materials/M_Statue.uasset" 671
"../../../../../../Users/vincent/Documents/Escort/Escort/Content/StarterContent/Props/SM_TableRound.uasset" 672
"../../../../../../Users/vincent/Documents/Escort/Escort/Content/StarterContent/Props/Materials/M_TableRound.uasset" 673
"../../../../../../Users/vincent/Documents/Escort/Escort/Content/StarterContent/Textures/T_TableRound_M.uasset" 674
"../../../../../../Users/vincent/Documents/Escort/Escort/Content/StarterContent/Textures/T_TableRound_N.uasset" 675
"C:/Users/vincent/AppData/Local/UnrealEngine/Common/DerivedDataCache/5/4/6/PHYSX_1D9C17C451EA4FB88CB7A27536A65DB0_PHYSXPC_FB474BB34EF94841C6B5A2BB471D68EC__1_0_13123_0.udd" 676
"C:/Users/vincent/AppData/Local/UnrealEngine/Common/DerivedDataCache/2/3/6/PHYSX_1D9C17C451EA4FB88CB7A27536A65DB0_PHYSXPC_51B230E9404ECB1A7EDF1285414A8AFA__1_0_13123_0.udd" 677
"C:/Users/vincent/AppData/Local/UnrealEngine/Common/DerivedDataCache/6/6/2/PHYSX_1D9C17C451EA4FB88CB7A27536A65DB0_PHYSXPC_578568214C583F04E5A86CBC8A97E2E4__1_0_13123_0.udd" 678
"C:/Users/vincent/AppData/Local/UnrealEngine/Common/DerivedDataCache/9/9/2/PHYSX_1D9C17C451EA4FB88CB7A27536A65DB0_PHYSXPC_88AA119B4EFC2A88D87488B7E20A61A8__1_0_13123_0.udd" 679
"../../../Engine/Content/EditorResources/EmptyActor.uasset" 680
"../../../Engine/Content/EditorResources/AudioIcons/S_AudioComponent_AutoActivate.uasset" 681
"../../../../../../Users/vincent/Documents/Escort/Escort/Content/StarterContent/Materials/M_Water_Lake.uasset" 682
"../../../../../../Users/vincent/Documents/Escort/Escort/Content/StarterContent/Textures/T_Perlin_Noise_M.uasset" 683
"../../../../../../Users/vincent/Documents/Escort/Escort/Content/StarterContent/Materials/M_Tech_Panel.uasset" 684
"../../../../../../Users/vincent/Documents/Escort/Escort/Content/StarterContent/Textures/T_Metal_Steel_D.uasset" 685
"../../../../../../Users/vincent/Documents/Escort/Escort/Content/StarterContent/Textures/T_Tech_Panel_M.uasset" 686
"../../../../../../Users/vincent/Documents/Escort/Escort/Content/StarterContent/Textures/T_Tech_Panel_N.uasset" 687
"../../../../../../Users/vincent/Documents/Escort/Escort/Content/StarterContent/Materials/M_Tech_Hex_Tile_Pulse.uasset" 688
"../../../../../../Users/vincent/Documents/Escort/Escort/Content/StarterContent/Textures/T_Tech_Hex_Tile_M.uasset" 689
"../../../../../../Users/vincent/Documents/Escort/Escort/Content/StarterContent/Textures/T_Tech_Hex_Tile_N.uasset" 690
"../../../../../../Users/vincent/Documents/Escort/Escort/Content/StarterContent/Materials/M_Tech_Hex_Tile.uasset" 691
"../../../../../../Users/vincent/Documents/Escort/Escort/Content/StarterContent/Materials/M_Tech_Checker_Dot.uasset" 692
"../../../../../../Users/vincent/Documents/Escort/Escort/Content/StarterContent/Textures/T_Checker_Noise_M.uasset" 693
"../../../../../../Users/vincent/Documents/Escort/Escort/Content/StarterContent/Textures/T_Single_Tile_N.uasset" 694
"../../../../../../Users/vincent/Documents/Escort/Escort/Content/StarterContent/Textures/T_Tech_Dot_M.uasset" 695
"../../../../../../Users/vincent/Documents/Escort/Escort/Content/StarterContent/Textures/T_Tech_Dot_N.uasset" 696
"../../../../../../Users/vincent/Documents/Escort/Escort/Content/StarterContent/Materials/M_Rock_Slate.uasset" 697
"../../../../../../Users/vincent/Documents/Escort/Escort/Content/StarterContent/Textures/T_Rock_Slate_D.uasset" 698
"../../../../../../Users/vincent/Documents/Escort/Escort/Content/StarterContent/Textures/T_Rock_Slate_N.uasset" 699
"../../../../../../Users/vincent/Documents/Escort/Escort/Content/StarterContent/Materials/M_Rock_Sandstone.uasset" 700
"../../../../../../Users/vincent/Documents/Escort/Escort/Content/StarterContent/Textures/T_Rock_Sandstone_D.uasset" 701
"../../../../../../Users/vincent/Documents/Escort/Escort/Content/StarterContent/Textures/T_Rock_Sandstone_N.uasset" 702
"../../../../../../Users/vincent/Documents/Escort/Escort/Content/StarterContent/Materials/M_Rock_Marble_Polished.uasset" 703
"../../../../../../Users/vincent/Documents/Escort/Escort/Content/StarterContent/Textures/T_Rock_Marble_Polished_D.uasset" 704
"../../../../../../Users/vincent/Documents/Escort/Escort/Content/StarterContent/Materials/M_Rock_Basalt.uasset" 705
"../../../../../../Users/vincent/Documents/Escort/Escort/Content/StarterContent/Textures/T_Rock_Basalt_N.uasset" 706
"../../../../../../Users/vincent/Documents/Escort/Escort/Content/StarterContent/Materials/M_Metal_Steel.uasset" 707
"../../../../../../Users/vincent/Documents/Escort/Escort/Content/StarterContent/Textures/T_Metal_Steel_N.uasset" 708
"../../../../../../Users/vincent/Documents/Escort/Escort/Content/StarterContent/Materials/M_Metal_Rust.uasset" 709
"../../../../../../Users/vincent/Documents/Escort/Escort/Content/StarterContent/Textures/T_Metal_Rust_D.uasset" 710
"../../../../../../Users/vincent/Documents/Escort/Escort/Content/StarterContent/Textures/T_Metal_Rust_N.uasset" 711
"../../../../../../Users/vincent/Documents/Escort/Escort/Content/StarterContent/Materials/M_Metal_Gold.uasset" 712
"../../../../../../Users/vincent/Documents/Escort/Escort/Content/StarterContent/Textures/T_Metal_Gold_D.uasset" 713
"../../../../../../Users/vincent/Documents/Escort/Escort/Content/StarterContent/Materials/M_Metal_Copper.uasset" 714
"../../../../../../Users/vincent/Documents/Escort/Escort/Content/StarterContent/Textures/T_Metal_Copper_D.uasset" 715
"../../../../../../Users/vincent/Documents/Escort/Escort/Content/StarterContent/Materials/M_Metal_Chrome.uasset" 716
"../../../../../../Users/vincent/Documents/Escort/Escort/Content/StarterContent/Materials/M_Metal_Brushed_Nickel.uasset" 717
"../../../../../../Users/vincent/Documents/Escort/Escort/Content/StarterContent/Materials/M_Ground_Moss.uasset" 718
"../../../../../../Users/vincent/Documents/Escort/Escort/Content/StarterContent/Textures/T_ground_Moss_D.uasset" 719
"../../../../../../Users/vincent/Documents/Escort/Escort/Content/StarterContent/Textures/T_Ground_Moss_N.uasset" 720
"../../../../../../Users/vincent/Documents/Escort/Escort/Content/StarterContent/Materials/M_Ground_Gravel.uasset" 721
"../../../../../../Users/vincent/Documents/Escort/Escort/Content/StarterContent/Textures/T_Ground_Gravel_D.uasset" 722
"../../../../../../Users/vincent/Documents/Escort/Escort/Content/StarterContent/Textures/T_Ground_Gravel_N.uasset" 723
"../../../../../../Users/vincent/Documents/Escort/Escort/Content/StarterContent/Materials/M_Ground_Grass.uasset" 724
"../../../../../../Users/vincent/Documents/Escort/Escort/Content/StarterContent/Textures/T_Ground_Grass_D.uasset" 725
"../../../../../../Users/vincent/Documents/Escort/Escort/Content/StarterContent/Textures/T_Ground_Grass_N.uasset" 726
"../../../../../../Users/vincent/Documents/Escort/Escort/Content/StarterContent/Materials/M_Concrete_Tiles.uasset" 727
"../../../../../../Users/vincent/Documents/Escort/Escort/Content/StarterContent/Textures/T_Concrete_Tiles_D.uasset" 728
"../../../../../../Users/vincent/Documents/Escort/Escort/Content/StarterContent/Textures/T_Concrete_Tiles_M.uasset" 729
"../../../../../../Users/vincent/Documents/Escort/Escort/Content/StarterContent/Textures/T_Concrete_Tiles_N.uasset" 730
"../../../../../../Users/vincent/Documents/Escort/Escort/Content/StarterContent/Textures/T_Concrete_Tiles_Variation_M.uasset" 731
"../../../../../../Users/vincent/Documents/Escort/Escort/Content/StarterContent/Materials/M_Concrete_Poured.uasset" 732
"../../../../../../Users/vincent/Documents/Escort/Escort/Content/StarterContent/Textures/T_Concrete_Poured_D.uasset" 733
"../../../../../../Users/vincent/Documents/Escort/Escort/Content/StarterContent/Textures/T_Concrete_Poured_N.uasset" 734
"../../../../../../Users/vincent/Documents/Escort/Escort/Content/StarterContent/Materials/M_Concrete_Panels.uasset" 735
"../../../../../../Users/vincent/Documents/Escort/Escort/Content/StarterContent/Textures/T_Concrete_Panels_D.uasset" 736
"../../../../../../Users/vincent/Documents/Escort/Escort/Content/StarterContent/Textures/T_Concrete_Panels_N.uasset" 737
"../../../../../../Users/vincent/Documents/Escort/Escort/Content/StarterContent/Materials/M_Concrete_Grime.uasset" 738
"../../../../../../Users/vincent/Documents/Escort/Escort/Content/StarterContent/Textures/T_Concrete_Grime_D.uasset" 739
"../../../../../../Users/vincent/Documents/Escort/Escort/Content/StarterContent/Materials/M_ColorGrid_LowSpec.uasset" 740
"../../../Engine/Content/EditorMeshes/ColorCalibrator/T_ColorGrid.uasset" 741
"../../../../../../Users/vincent/Documents/Escort/Escort/Content/StarterContent/Materials/M_CobbleStone_Smooth.uasset" 742
"../../../../../../Users/vincent/Documents/Escort/Escort/Content/StarterContent/Textures/T_CobbleStone_Smooth_D.uasset" 743
"../../../../../../Users/vincent/Documents/Escort/Escort/Content/StarterContent/Textures/T_CobbleStone_Smooth_M.uasset" 744
"../../../../../../Users/vincent/Documents/Escort/Escort/Content/StarterContent/Textures/T_CobbleStone_Smooth_N.uasset" 745
"../../../../../../Users/vincent/Documents/Escort/Escort/Content/StarterContent/Textures/T_Gradinet_01.uasset" 746
"../../../../../../Users/vincent/Documents/Escort/Escort/Content/StarterContent/Textures/T_Rock_Smooth_Granite_D.uasset" 747
"../../../../../../Users/vincent/Documents/Escort/Escort/Content/StarterContent/Materials/M_CobbleStone_Rough.uasset" 748
"../../../../../../Users/vincent/Documents/Escort/Escort/Content/StarterContent/Textures/T_CobbleStone_Rough_D.uasset" 749
"../../../../../../Users/vincent/Documents/Escort/Escort/Content/StarterContent/Textures/T_CobbleStone_Rough_N.uasset" 750
"../../../../../../Users/vincent/Documents/Escort/Escort/Content/StarterContent/Materials/M_CobbleStone_Pebble.uasset" 751
"../../../../../../Users/vincent/Documents/Escort/Escort/Content/StarterContent/Textures/T_CobbleStone_Pebble_D.uasset" 752
"../../../../../../Users/vincent/Documents/Escort/Escort/Content/StarterContent/Textures/T_CobbleStone_Pebble_M.uasset" 753
"../../../../../../Users/vincent/Documents/Escort/Escort/Content/StarterContent/Textures/T_CobbleStone_Pebble_N.uasset" 754
"../../../../../../Users/vincent/Documents/Escort/Escort/Content/StarterContent/Materials/M_Ceramic_Tile_Checker.uasset" 755
"../../../../../../Users/vincent/Documents/Escort/Escort/Content/StarterContent/Textures/T_Ceramic_Tile_N.uasset" 756
"../../../../../../Users/vincent/Documents/Escort/Escort/Content/StarterContent/Materials/M_Brick_Hewn_Stone.uasset" 757
"../../../../../../Users/vincent/Documents/Escort/Escort/Content/StarterContent/Textures/T_Brick_Hewn_Stone_D.uasset" 758
"../../../../../../Users/vincent/Documents/Escort/Escort/Content/StarterContent/Textures/T_Brick_Hewn_Stone_M.uasset" 759
"../../../../../../Users/vincent/Documents/Escort/Escort/Content/StarterContent/Textures/T_Brick_Hewn_Stone_N.uasset" 760
"../../../../../../Users/vincent/Documents/Escort/Escort/Content/StarterContent/Materials/M_Brick_Cut_Stone.uasset" 761
"../../../../../../Users/vincent/Documents/Escort/Escort/Content/StarterContent/Textures/T_Brick_Cut_Stone_D.uasset" 762
"../../../../../../Users/vincent/Documents/Escort/Escort/Content/StarterContent/Textures/T_Brick_Cut_Stone_N.uasset" 763
"../../../../../../Users/vincent/Documents/Escort/Escort/Content/StarterContent/Materials/M_Brick_Clay_Old.uasset" 764
"../../../../../../Users/vincent/Documents/Escort/Escort/Content/StarterContent/Textures/T_Brick_Clay_Old_D.uasset" 765
"../../../../../../Users/vincent/Documents/Escort/Escort/Content/StarterContent/Textures/T_Brick_Clay_Old_N.uasset" 766
"../../../../../../Users/vincent/Documents/Escort/Escort/Content/StarterContent/Materials/M_Brick_Clay_New.uasset" 767
"../../../../../../Users/vincent/Documents/Escort/Escort/Content/StarterContent/Textures/T_Brick_Clay_New_D.uasset" 768
"../../../../../../Users/vincent/Documents/Escort/Escort/Content/StarterContent/Textures/T_Brick_Clay_New_M.uasset" 769
"../../../../../../Users/vincent/Documents/Escort/Escort/Content/StarterContent/Textures/T_Brick_Clay_New_N.uasset" 770
"../../../../../../Users/vincent/Documents/Escort/Escort/Content/StarterContent/Materials/M_Brick_Clay_Beveled.uasset" 771
"../../../../../../Users/vincent/Documents/Escort/Escort/Content/StarterContent/Textures/T_Brick_Clay_Beveled_D.uasset" 772
"../../../../../../Users/vincent/Documents/Escort/Escort/Content/StarterContent/Textures/T_Brick_Clay_Beveled_M.uasset" 773
"../../../../../../Users/vincent/Documents/Escort/Escort/Content/StarterContent/Textures/T_Brick_Clay_Beveled_N.uasset" 774
"../../../../../../Users/vincent/Documents/Escort/Escort/Content/StarterContent/HDRI/HDRI_Epic_Courtyard_Daylight.uasset" 775
"../../../../../../Users/vincent/Documents/Escort/Escort/Content/StarterContent/Blueprints/Blueprint_Effect_Steam.uasset" 776
"../../../../../../Users/vincent/Documents/Escort/Escort/Content/StarterContent/Blueprints/Blueprint_Effect_Sparks.uasset" 777
"../../../../../../Users/vincent/Documents/Escort/Escort/Content/StarterContent/Particles/P_Sparks.uasset" 778
"../../../../../../Users/vincent/Documents/Escort/Escort/Content/StarterContent/Blueprints/Blueprint_Effect_Smoke.uasset" 779
"C:/Users/vincent/AppData/Local/Temp/UnrealShaderWorkingDir/434A17DE42F1233726EC7CBDB299772E/3/WorkerOutputOnly.out" 780
"../../../../../../Users/vincent/Documents/Escort/Escort/Content/StarterContent/Particles/P_Smoke.uasset" 781
"../../../../../../Users/vincent/Documents/Escort/Escort/Content/StarterContent/Blueprints/Blueprint_Effect_Fire.uasset" 782
"../../../Engine/Content/MobileResources/HUD/T_Castle_ThumbstickOutter.uasset" 783
"../../../Engine/Content/MobileResources/HUD/MobileHUDButton2_on.uasset" 784
"../../../../../../Users/vincent/Documents/Escort/Escort/Content/StarterContent/Shapes/Shape_Cone.uasset" 785
"C:/Users/vincent/AppData/Local/Temp/UnrealShaderWorkingDir/434A17DE42F1233726EC7CBDB299772E/2/WorkerOutputOnly.out" 786
"../../../../../../Users/vincent/Documents/Escort/Escort/Content/StarterContent/Shapes/Shape_Cube.uasset" 787
"../../../../../../Users/vincent/Documents/Escort/Escort/Content/StarterContent/Props/SM_WindowFrame.uasset" 788
"../../../Engine/Content/MobileResources/HUD/MobileHUDButton1_on.uasset" 789
"../../../../../../Users/vincent/Documents/Escort/Escort/Content/StarterContent/Maps/StarterMap.umap" 790
"../../../../../../Users/vincent/Documents/Escort/Escort/Content/StarterContent/Blueprints/Blueprint_WallSconce.uasset" 791
"../../../Engine/Content/EngineMaterials/AntiAliasedTextMaterialTranslucent.uasset" 792
"../../../Engine/Content/Functions/Engine_MaterialFunctions03/Procedurals/ComputeFilterWidth.uasset" 793
"../../../../../../Users/vincent/Documents/Escort/Escort/Content/StarterContent/Materials/M_Water_Ocean.uasset" 794
"../../../../../../Users/vincent/Documents/Escort/Escort/Content/StarterContent/Textures/T_Water_M.uasset" 795
"../../../../../../Users/vincent/Documents/Escort/Escort/Content/StarterContent/Materials/M_Wood_Floor_Walnut_Polished.uasset" 796
"../../../../../../Users/vincent/Documents/Escort/Escort/Content/StarterContent/Textures/T_Wood_Floor_Walnut_D.uasset" 797
"../../../../../../Users/vincent/Documents/Escort/Escort/Content/StarterContent/Textures/T_Wood_Floor_Walnut_M.uasset" 798
"../../../../../../Users/vincent/Documents/Escort/Escort/Content/StarterContent/Textures/T_Wood_Floor_Walnut_N.uasset" 799
"../../../../../../Users/vincent/Documents/Escort/Escort/Content/StarterContent/Materials/M_Wood_Floor_Walnut_Worn.uasset" 800
"../../../Engine/Content/Functions/Engine_MaterialFunctions01/Opacity/AlphaOffset.uasset" 801
"../../../../../../Users/vincent/Documents/Escort/Escort/Content/StarterContent/Materials/M_Wood_Oak.uasset" 802
"../../../../../../Users/vincent/Documents/Escort/Escort/Content/StarterContent/Textures/T_Wood_Oak_D.uasset" 803
"../../../../../../Users/vincent/Documents/Escort/Escort/Content/StarterContent/Textures/T_Wood_Oak_N.uasset" 804
"../../../../../../Users/vincent/Documents/Escort/Escort/Content/StarterContent/Materials/M_Wood_Pine.uasset" 805
"../../../../../../Users/vincent/Documents/Escort/Escort/Content/StarterContent/Textures/T_Wood_Pine_D.uasset" 806
"../../../../../../Users/vincent/Documents/Escort/Escort/Content/StarterContent/Textures/T_Wood_Pine_N.uasset" 807
"../../../../../../Users/vincent/Documents/Escort/Escort/Content/StarterContent/Materials/M_Wood_Walnut.uasset" 808
"../../../../../../Users/vincent/Documents/Escort/Escort/Content/StarterContent/Textures/T_Wood_Walnut_D.uasset" 809
"../../../../../../Users/vincent/Documents/Escort/Escort/Content/StarterContent/Textures/T_Wood_Walnut_N.uasset" 810
"../../../../../../Users/vincent/Documents/Escort/Escort/Content/StarterContent/Particles/P_Ambient_Dust.uasset" 811
"../../../../../../Users/vincent/Documents/Escort/Escort/Content/StarterContent/Shapes/Shape_QuadPyramid.uasset" 812
"../../../../../../Users/vincent/Documents/Escort/Escort/Content/StarterContent/Shapes/Shape_Sphere.uasset" 813
"C:/Users/vincent/AppData/Local/UnrealEngine/Common/DerivedDataCache/7/4/1/NAVCOLLISION_B89838347A4348138EE337A847529C5C_NAVCOLLISION_X_205BF5274A1DF46BE__65D5093F47FF4D841845B265C25B5E3432091A9C.udd" 814
"../../../Engine/Content/EditorResources/AudioIcons/S_AudioComponent.uasset" 815
"../../../Engine/Content/MobileResources/T_MobileMenu2.uasset" 816
"../../../../../../Users/vincent/Documents/Escort/Escort/Content/StarterContent/Blueprints/Assets/SunlightColorLUT.uasset" 817
"../../../../../../Users/vincent/Documents/Escort/Escort/Content/StarterContent/Blueprints/Assets/SM_Arrows.uasset" 818
"../../../../../../Users/vincent/Documents/Escort/Escort/Content/StarterContent/Blueprints/Assets/Skybox.uasset" 819
"../../../Engine/Content/EditorMaterials/Thumbnails/SkySphereMaterial.uasset" 820
"../../../../../../Users/vincent/Documents/Escort/Escort/Content/StarterContent/Blueprints/Assets/M_LightStage_Skybox_Master.uasset" 821
"../../../Engine/Content/MapTemplates/Sky/DaylightAmbientCubemap.uasset" 822
"../../../../../../Users/vincent/Documents/Escort/Escort/Content/StarterContent/Blueprints/Assets/M_LightStage_Skybox_HDRI.uasset" 823
"../../../../../../Users/vincent/Documents/Escort/Escort/Content/StarterContent/Blueprints/Assets/M_LightStage_Skybox_Black.uasset" 824
"../../../../../../Users/vincent/Documents/Escort/Escort/Content/StarterContent/Blueprints/Assets/M_LightStage_Arrows.uasset" 825
"../../../../../../Users/vincent/Documents/Escort/Escort/Content/StarterContent/Blueprints/Assets/FogBrightnessLUT.uasset" 826
"../../../../../../Users/vincent/Documents/Escort/Escort/Content/StarterContent/Blueprints/BP_LightStudio.uasset" 827
"../../../Engine/Content/MobileResources/HUD/T_Castle_ThumbstickInner.uasset" 828
"../../../Engine/Content/MobileResources/HUD/MobileHUDDirectionPad3.uasset" 829
"../../../../../../Users/vincent/Documents/Escort/Escort/Content/StarterContent/Shapes/Shape_Pipe_180.uasset" 830
"../../../../../../Users/vincent/Documents/Escort/Escort/Content/StarterContent/Shapes/Shape_Pipe.uasset" 831
"../../../../../../Users/vincent/Documents/Escort/Escort/Content/StarterContent/Shapes/Shape_NarrowCapsule.uasset" 832
"../../../../../../Users/vincent/Documents/Escort/Escort/Content/StarterContent/Shapes/Shape_Cylinder.uasset" 833
"../../../Engine/Content/MobileResources/HUD/MobileHUDButtonFire.uasset" 834
"../../../Engine/Content/MobileResources/HUD/MobileHUDButton2_off.uasset" 835
"../../../Engine/Content/MobileResources/HUD/MobileHUDDirectionStick.uasset" 836
"../../../../../../Users/vincent/Documents/Escort/Escort/Content/StarterContent/Shapes/Shape_Wedge_A.uasset" 837
"../../../../../../Users/vincent/Documents/Escort/Escort/Content/StarterContent/Shapes/Shape_Tube.uasset" 838
"../../../../../../Users/vincent/Documents/Escort/Escort/Content/StarterContent/Shapes/Shape_TriPyramid.uasset" 839
"../../../../../../Users/vincent/Documents/Escort/Escort/Content/StarterContent/Shapes/Shape_Trim_90_Out.uasset" 840
"../../../../../../Users/vincent/Documents/Escort/Escort/Content/StarterContent/Shapes/Shape_Trim_90_In.uasset" 841
"../../../../../../Users/vincent/Documents/Escort/Escort/Content/StarterContent/Shapes/Shape_Trim.uasset" 842
"../../../../../../Users/vincent/Documents/Escort/Escort/Content/StarterContent/Shapes/Shape_Torus.uasset" 843
"../../../../../../Users/vincent/Documents/Escort/Escort/Content/StarterContent/Shapes/Shape_Plane.uasset" 844
"../../../../../../Users/vincent/Documents/Escort/Escort/Content/StarterContent/Shapes/Shape_Pipe_90.uasset" 845
"../../../Engine/Content/MobileResources/HUD/MobileHUDDirectionPad2.uasset" 846
"../../../../../../Users/vincent/Documents/Escort/Escort/Content/StarterContent/Shapes/Shape_WideCapsule.uasset" 847
"../../../../../../Users/vincent/Documents/Escort/Escort/Content/StarterContent/Shapes/Shape_Wedge_B.uasset" 848
"../../../Engine/Content/MobileResources/HUD/MobileHUDButton3.uasset" 849
"../../../Engine/Content/MobileResources/HUD/MobileHUDButton1_off.uasset" 850
"../../../Engine/Content/MobileResources/T_MobileControls_texture.uasset" 851
"../../../../../../Users/vincent/Documents/Escort/Escort/Content/StarterContent/Maps/Advanced_Lighting.umap" 852
"../../../Engine/Content/EditorMeshes/ColorCalibrator/SM_ColorCalibrator.uasset" 853
"../../../Engine/Content/EditorMeshes/ColorCalibrator/M_ChromeBall.uasset" 854
"../../../Engine/Content/EditorMeshes/ColorCalibrator/M_ClearCoat.uasset" 855
"../../../Engine/Content/EditorMeshes/ColorCalibrator/M_ClearCoatBlack.uasset" 856
"../../../Engine/Content/EditorMeshes/ColorCalibrator/M_ColorGrid.uasset" 857
"../../../Engine/Content/EditorMeshes/ColorCalibrator/M_GreyBall.uasset" 858
"../../../Engine/Content/EditorResources/LightIcons/S_LightError.uasset" 859
"C:/Users/vincent/AppData/Local/UnrealEngine/Common/DerivedDataCache/2/7/3/AUDIO_0002_0000_OGG_0001_45DA31D24952A30D9D59C58355781501.udd" 860
"C:/Users/vincent/AppData/Local/UnrealEngine/Common/DerivedDataCache/7/8/2/AUDIO_0002_0000_OGG_0001_8D7626FF43F2E7CB0FFEF1819DF93FE0.udd" 861
"C:/Users/vincent/AppData/Local/UnrealEngine/Common/DerivedDataCache/6/1/4/AUDIO_0002_0000_OGG_0001_B847AAD74080418C90B2E9968E18B4E9.udd" 862
"C:/Users/vincent/AppData/Local/UnrealEngine/Common/DerivedDataCache/8/3/0/AUDIO_0002_0000_OGG_0001_31D870B44577B2511571CA9564A08892.udd" 863
"C:/Users/vincent/AppData/Local/UnrealEngine/Common/DerivedDataCache/7/4/9/AUDIO_0002_0000_OGG_0001_1FFCDDAF446F0A5DB5CD53804F454EE7.udd" 864
"C:/Users/vincent/AppData/Local/UnrealEngine/Common/DerivedDataCache/1/4/5/AUDIO_0002_0000_OGG_0001_A6E12C614B66182215E77BB91A3CB1BF.udd" 865
"C:/Users/vincent/AppData/Local/UnrealEngine/Common/DerivedDataCache/7/7/0/AUDIO_0002_0000_OGG_0001_CD469D784CE5A724E7AC91BFEB714703.udd" 866
"C:/Users/vincent/AppData/Local/UnrealEngine/Common/DerivedDataCache/7/9/0/AUDIO_0002_0000_OGG_0001_E75A4F2F4CCFF455DEA17FBBE7ACBDC4.udd" 867
"C:/Users/vincent/AppData/Local/UnrealEngine/Common/DerivedDataCache/0/7/0/AUDIO_0002_0000_OGG_0001_832AA7D646A65116077516991F445FE9.udd" 868
"C:/Users/vincent/AppData/Local/UnrealEngine/Common/DerivedDataCache/5/3/0/AUDIO_0002_0000_OGG_0001_B61A001F430257DF762D2EB2E8AF2447.udd" 869
"..\..\..\Engine\Content\Internationalization\icudt53l\windowsZones.res" 870
"..\..\..\Engine\Content\Internationalization\icudt53l\zoneinfo64.res" 871
"..\..\..\Engine\Content\Internationalization\icudt53l\keyTypeData.res" 872
"..\..\..\Engine\Content\Internationalization\icudt53l\timezoneTypes.res" 873
"..\..\..\Engine\Content\Internationalization\icudt53l\supplementalData.res" 874
"..\..\..\Engine\Content\Internationalization\icudt53l\likelySubtags.res" 875
